{"C:\\Users\\Standard\\Documents\\GitHub\\StockExchangeApplication\\feature_functions\\chartCurrData.js":{"path":"C:\\Users\\Standard\\Documents\\GitHub\\StockExchangeApplication\\feature_functions\\chartCurrData.js","statementMap":{"0":{"start":{"line":1,"column":12},"end":{"line":1,"column":28}},"1":{"start":{"line":2,"column":13},"end":{"line":2,"column":30}},"2":{"start":{"line":3,"column":17},"end":{"line":3,"column":40}},"3":{"start":{"line":5,"column":18},"end":{"line":61,"column":1}},"4":{"start":{"line":6,"column":4},"end":{"line":60,"column":5}},"5":{"start":{"line":7,"column":8},"end":{"line":9,"column":9}},"6":{"start":{"line":8,"column":12},"end":{"line":8,"column":41}},"7":{"start":{"line":11,"column":19},"end":{"line":11,"column":37}},"8":{"start":{"line":12,"column":19},"end":{"line":12,"column":29}},"9":{"start":{"line":13,"column":23},"end":{"line":13,"column":83}},"10":{"start":{"line":14,"column":22},"end":{"line":14,"column":52}},"11":{"start":{"line":15,"column":33},"end":{"line":15,"column":64}},"12":{"start":{"line":16,"column":32},"end":{"line":16,"column":62}},"13":{"start":{"line":17,"column":23},"end":{"line":17,"column":165}},"14":{"start":{"line":18,"column":28},"end":{"line":18,"column":47}},"15":{"start":{"line":20,"column":21},"end":{"line":20,"column":47}},"16":{"start":{"line":22,"column":23},"end":{"line":22,"column":51}},"17":{"start":{"line":23,"column":19},"end":{"line":23,"column":21}},"18":{"start":{"line":24,"column":8},"end":{"line":26,"column":10}},"19":{"start":{"line":25,"column":12},"end":{"line":25,"column":32}},"20":{"start":{"line":28,"column":25},"end":{"line":28,"column":27}},"21":{"start":{"line":29,"column":8},"end":{"line":33,"column":10}},"22":{"start":{"line":30,"column":26},"end":{"line":30,"column":28}},"23":{"start":{"line":31,"column":12},"end":{"line":31,"column":35}},"24":{"start":{"line":32,"column":12},"end":{"line":32,"column":37}},"25":{"start":{"line":35,"column":8},"end":{"line":37,"column":11}},"26":{"start":{"line":36,"column":12},"end":{"line":36,"column":79}},"27":{"start":{"line":40,"column":21},"end":{"line":40,"column":23}},"28":{"start":{"line":41,"column":8},"end":{"line":43,"column":9}},"29":{"start":{"line":41,"column":19},"end":{"line":41,"column":20}},"30":{"start":{"line":42,"column":12},"end":{"line":42,"column":84}},"31":{"start":{"line":44,"column":8},"end":{"line":44,"column":21}},"32":{"start":{"line":46,"column":8},"end":{"line":49,"column":9}},"33":{"start":{"line":48,"column":12},"end":{"line":48,"column":24}},"34":{"start":{"line":50,"column":8},"end":{"line":53,"column":9}},"35":{"start":{"line":52,"column":12},"end":{"line":52,"column":24}},"36":{"start":{"line":53,"column":10},"end":{"line":59,"column":9}},"37":{"start":{"line":55,"column":12},"end":{"line":55,"column":24}},"38":{"start":{"line":58,"column":12},"end":{"line":58,"column":29}},"39":{"start":{"line":66,"column":0},"end":{"line":68,"column":2}}},"fnMap":{"0":{"name":"(anonymous_0)","decl":{"start":{"line":5,"column":18},"end":{"line":5,"column":19}},"loc":{"start":{"line":5,"column":33},"end":{"line":61,"column":1}},"line":5},"1":{"name":"(anonymous_1)","decl":{"start":{"line":24,"column":25},"end":{"line":24,"column":26}},"loc":{"start":{"line":24,"column":37},"end":{"line":26,"column":9}},"line":24},"2":{"name":"(anonymous_2)","decl":{"start":{"line":29,"column":23},"end":{"line":29,"column":24}},"loc":{"start":{"line":29,"column":35},"end":{"line":33,"column":9}},"line":29},"3":{"name":"(anonymous_3)","decl":{"start":{"line":35,"column":24},"end":{"line":35,"column":25}},"loc":{"start":{"line":35,"column":40},"end":{"line":37,"column":9}},"line":35}},"branchMap":{"0":{"loc":{"start":{"line":7,"column":8},"end":{"line":9,"column":9}},"type":"if","locations":[{"start":{"line":7,"column":8},"end":{"line":9,"column":9}},{"start":{"line":7,"column":8},"end":{"line":9,"column":9}}],"line":7},"1":{"loc":{"start":{"line":46,"column":8},"end":{"line":49,"column":9}},"type":"if","locations":[{"start":{"line":46,"column":8},"end":{"line":49,"column":9}},{"start":{"line":46,"column":8},"end":{"line":49,"column":9}}],"line":46},"2":{"loc":{"start":{"line":46,"column":12},"end":{"line":46,"column":64}},"type":"binary-expr","locations":[{"start":{"line":46,"column":12},"end":{"line":46,"column":34}},{"start":{"line":46,"column":38},"end":{"line":46,"column":64}}],"line":46},"3":{"loc":{"start":{"line":50,"column":8},"end":{"line":53,"column":9}},"type":"if","locations":[{"start":{"line":50,"column":8},"end":{"line":53,"column":9}},{"start":{"line":50,"column":8},"end":{"line":53,"column":9}}],"line":50},"4":{"loc":{"start":{"line":53,"column":10},"end":{"line":59,"column":9}},"type":"if","locations":[{"start":{"line":53,"column":10},"end":{"line":59,"column":9}},{"start":{"line":53,"column":10},"end":{"line":59,"column":9}}],"line":53},"5":{"loc":{"start":{"line":53,"column":14},"end":{"line":53,"column":106}},"type":"binary-expr","locations":[{"start":{"line":53,"column":14},"end":{"line":53,"column":77}},{"start":{"line":53,"column":81},"end":{"line":53,"column":106}}],"line":53}},"s":{"0":1,"1":1,"2":1,"3":1,"4":9,"5":9,"6":4,"7":5,"8":5,"9":5,"10":5,"11":5,"12":5,"13":5,"14":3,"15":3,"16":3,"17":3,"18":3,"19":60,"20":3,"21":3,"22":60,"23":60,"24":60,"25":3,"26":198,"27":3,"28":3,"29":3,"30":60,"31":3,"32":6,"33":4,"34":2,"35":1,"36":1,"37":1,"38":0,"39":1},"f":{"0":9,"1":60,"2":60,"3":198},"b":{"0":[4,5],"1":[4,2],"2":[6,4],"3":[1,1],"4":[1,0],"5":[1,1]},"_coverageSchema":"43e27e138ebf9cfc5966b082cf9a028302ed4184","hash":"0982b96514e2d71da504d4c2cf738798f21773df","contentHash":"fb723b231db08a3394953a184eda9a38e31f73bdde2bed3e941e67d8b5a3fda2"},"C:\\Users\\Standard\\Documents\\GitHub\\StockExchangeApplication\\feature_functions\\formatDate.js":{"path":"C:\\Users\\Standard\\Documents\\GitHub\\StockExchangeApplication\\feature_functions\\formatDate.js","statementMap":{"0":{"start":{"line":3,"column":4},"end":{"line":26,"column":5}},"1":{"start":{"line":5,"column":8},"end":{"line":7,"column":9}},"2":{"start":{"line":6,"column":12},"end":{"line":6,"column":41}},"3":{"start":{"line":8,"column":16},"end":{"line":8,"column":30}},"4":{"start":{"line":9,"column":16},"end":{"line":9,"column":39}},"5":{"start":{"line":10,"column":14},"end":{"line":10,"column":30}},"6":{"start":{"line":11,"column":15},"end":{"line":11,"column":30}},"7":{"start":{"line":12,"column":8},"end":{"line":14,"column":9}},"8":{"start":{"line":13,"column":12},"end":{"line":13,"column":43}},"9":{"start":{"line":15,"column":8},"end":{"line":15,"column":50}},"10":{"start":{"line":15,"column":30},"end":{"line":15,"column":50}},"11":{"start":{"line":16,"column":8},"end":{"line":16,"column":44}},"12":{"start":{"line":16,"column":28},"end":{"line":16,"column":44}},"13":{"start":{"line":17,"column":8},"end":{"line":17,"column":44}},"14":{"start":{"line":19,"column":8},"end":{"line":21,"column":9}},"15":{"start":{"line":20,"column":12},"end":{"line":20,"column":24}},"16":{"start":{"line":21,"column":10},"end":{"line":25,"column":9}},"17":{"start":{"line":22,"column":12},"end":{"line":22,"column":24}},"18":{"start":{"line":24,"column":12},"end":{"line":24,"column":24}},"19":{"start":{"line":30,"column":0},"end":{"line":32,"column":1}}},"fnMap":{"0":{"name":"formatDate","decl":{"start":{"line":2,"column":9},"end":{"line":2,"column":19}},"loc":{"start":{"line":2,"column":26},"end":{"line":27,"column":1}},"line":2}},"branchMap":{"0":{"loc":{"start":{"line":5,"column":8},"end":{"line":7,"column":9}},"type":"if","locations":[{"start":{"line":5,"column":8},"end":{"line":7,"column":9}},{"start":{"line":5,"column":8},"end":{"line":7,"column":9}}],"line":5},"1":{"loc":{"start":{"line":12,"column":8},"end":{"line":14,"column":9}},"type":"if","locations":[{"start":{"line":12,"column":8},"end":{"line":14,"column":9}},{"start":{"line":12,"column":8},"end":{"line":14,"column":9}}],"line":12},"2":{"loc":{"start":{"line":12,"column":12},"end":{"line":12,"column":62}},"type":"binary-expr","locations":[{"start":{"line":12,"column":12},"end":{"line":12,"column":27}},{"start":{"line":12,"column":31},"end":{"line":12,"column":44}},{"start":{"line":12,"column":48},"end":{"line":12,"column":62}}],"line":12},"3":{"loc":{"start":{"line":15,"column":8},"end":{"line":15,"column":50}},"type":"if","locations":[{"start":{"line":15,"column":8},"end":{"line":15,"column":50}},{"start":{"line":15,"column":8},"end":{"line":15,"column":50}}],"line":15},"4":{"loc":{"start":{"line":16,"column":8},"end":{"line":16,"column":44}},"type":"if","locations":[{"start":{"line":16,"column":8},"end":{"line":16,"column":44}},{"start":{"line":16,"column":8},"end":{"line":16,"column":44}}],"line":16},"5":{"loc":{"start":{"line":19,"column":8},"end":{"line":21,"column":9}},"type":"if","locations":[{"start":{"line":19,"column":8},"end":{"line":21,"column":9}},{"start":{"line":19,"column":8},"end":{"line":21,"column":9}}],"line":19},"6":{"loc":{"start":{"line":19,"column":12},"end":{"line":19,"column":64}},"type":"binary-expr","locations":[{"start":{"line":19,"column":12},"end":{"line":19,"column":34}},{"start":{"line":19,"column":38},"end":{"line":19,"column":64}}],"line":19},"7":{"loc":{"start":{"line":21,"column":10},"end":{"line":25,"column":9}},"type":"if","locations":[{"start":{"line":21,"column":10},"end":{"line":25,"column":9}},{"start":{"line":21,"column":10},"end":{"line":25,"column":9}}],"line":21},"8":{"loc":{"start":{"line":21,"column":14},"end":{"line":21,"column":68}},"type":"binary-expr","locations":[{"start":{"line":21,"column":14},"end":{"line":21,"column":36}},{"start":{"line":21,"column":40},"end":{"line":21,"column":68}}],"line":21}},"s":{"0":17,"1":17,"2":3,"3":14,"4":14,"5":14,"6":14,"7":14,"8":1,"9":13,"10":12,"11":13,"12":6,"13":13,"14":4,"15":3,"16":1,"17":1,"18":0,"19":1},"f":{"0":17},"b":{"0":[3,14],"1":[1,13],"2":[14,13,13],"3":[12,1],"4":[6,7],"5":[3,1],"6":[4,4],"7":[1,0],"8":[1,1]},"_coverageSchema":"43e27e138ebf9cfc5966b082cf9a028302ed4184","hash":"166d9a420835e5254e0aa8438af32c05660740ab","contentHash":"96726ca2062302a97c35a60c61504008298ac5e1425ca2ca04cd4660a233d240"},"C:\\Users\\Standard\\Documents\\GitHub\\StockExchangeApplication\\feature_functions\\chartStockData.js":{"path":"C:\\Users\\Standard\\Documents\\GitHub\\StockExchangeApplication\\feature_functions\\chartStockData.js","statementMap":{"0":{"start":{"line":1,"column":12},"end":{"line":1,"column":28}},"1":{"start":{"line":3,"column":19},"end":{"line":36,"column":1}},"2":{"start":{"line":4,"column":4},"end":{"line":34,"column":5}},"3":{"start":{"line":5,"column":8},"end":{"line":7,"column":9}},"4":{"start":{"line":6,"column":12},"end":{"line":6,"column":41}},"5":{"start":{"line":8,"column":28},"end":{"line":8,"column":185}},"6":{"start":{"line":9,"column":8},"end":{"line":11,"column":9}},"7":{"start":{"line":10,"column":12},"end":{"line":10,"column":43}},"8":{"start":{"line":13,"column":23},"end":{"line":13,"column":25}},"9":{"start":{"line":14,"column":25},"end":{"line":14,"column":68}},"10":{"start":{"line":16,"column":8},"end":{"line":18,"column":10}},"11":{"start":{"line":17,"column":12},"end":{"line":17,"column":49}},"12":{"start":{"line":21,"column":8},"end":{"line":21,"column":23}},"13":{"start":{"line":25,"column":8},"end":{"line":33,"column":9}},"14":{"start":{"line":26,"column":12},"end":{"line":26,"column":24}},"15":{"start":{"line":27,"column":15},"end":{"line":33,"column":9}},"16":{"start":{"line":28,"column":12},"end":{"line":28,"column":24}},"17":{"start":{"line":29,"column":15},"end":{"line":33,"column":9}},"18":{"start":{"line":30,"column":12},"end":{"line":30,"column":24}},"19":{"start":{"line":32,"column":12},"end":{"line":32,"column":27}},"20":{"start":{"line":38,"column":0},"end":{"line":40,"column":1}}},"fnMap":{"0":{"name":"(anonymous_0)","decl":{"start":{"line":3,"column":19},"end":{"line":3,"column":20}},"loc":{"start":{"line":3,"column":35},"end":{"line":36,"column":1}},"line":3},"1":{"name":"(anonymous_1)","decl":{"start":{"line":16,"column":27},"end":{"line":16,"column":28}},"loc":{"start":{"line":16,"column":39},"end":{"line":18,"column":9}},"line":16}},"branchMap":{"0":{"loc":{"start":{"line":5,"column":8},"end":{"line":7,"column":9}},"type":"if","locations":[{"start":{"line":5,"column":8},"end":{"line":7,"column":9}},{"start":{"line":5,"column":8},"end":{"line":7,"column":9}}],"line":5},"1":{"loc":{"start":{"line":9,"column":8},"end":{"line":11,"column":9}},"type":"if","locations":[{"start":{"line":9,"column":8},"end":{"line":11,"column":9}},{"start":{"line":9,"column":8},"end":{"line":11,"column":9}}],"line":9},"2":{"loc":{"start":{"line":9,"column":12},"end":{"line":9,"column":96}},"type":"binary-expr","locations":[{"start":{"line":9,"column":12},"end":{"line":9,"column":51}},{"start":{"line":9,"column":55},"end":{"line":9,"column":96}}],"line":9},"3":{"loc":{"start":{"line":25,"column":8},"end":{"line":33,"column":9}},"type":"if","locations":[{"start":{"line":25,"column":8},"end":{"line":33,"column":9}},{"start":{"line":25,"column":8},"end":{"line":33,"column":9}}],"line":25},"4":{"loc":{"start":{"line":25,"column":12},"end":{"line":25,"column":64}},"type":"binary-expr","locations":[{"start":{"line":25,"column":12},"end":{"line":25,"column":34}},{"start":{"line":25,"column":38},"end":{"line":25,"column":64}}],"line":25},"5":{"loc":{"start":{"line":27,"column":15},"end":{"line":33,"column":9}},"type":"if","locations":[{"start":{"line":27,"column":15},"end":{"line":33,"column":9}},{"start":{"line":27,"column":15},"end":{"line":33,"column":9}}],"line":27},"6":{"loc":{"start":{"line":27,"column":19},"end":{"line":27,"column":72}},"type":"binary-expr","locations":[{"start":{"line":27,"column":19},"end":{"line":27,"column":41}},{"start":{"line":27,"column":45},"end":{"line":27,"column":72}}],"line":27},"7":{"loc":{"start":{"line":29,"column":15},"end":{"line":33,"column":9}},"type":"if","locations":[{"start":{"line":29,"column":15},"end":{"line":33,"column":9}},{"start":{"line":29,"column":15},"end":{"line":33,"column":9}}],"line":29}},"s":{"0":1,"1":1,"2":8,"3":8,"4":4,"5":4,"6":3,"7":1,"8":2,"9":2,"10":2,"11":46,"12":2,"13":6,"14":4,"15":2,"16":1,"17":1,"18":1,"19":0,"20":1},"f":{"0":8,"1":46},"b":{"0":[4,4],"1":[1,2],"2":[3,2],"3":[4,2],"4":[6,5],"5":[1,1],"6":[2,1],"7":[1,0]},"_coverageSchema":"43e27e138ebf9cfc5966b082cf9a028302ed4184","hash":"dca2290a6518a5ef66a8c2fcf31d27e45c41c8e5","contentHash":"04dfbf167e2c76c65396c0007cad388527e785ee29b62c16d2f8b0cac663a666"},"C:\\Users\\Standard\\Documents\\GitHub\\StockExchangeApplication\\feature_functions\\getBatchPrice.js":{"path":"C:\\Users\\Standard\\Documents\\GitHub\\StockExchangeApplication\\feature_functions\\getBatchPrice.js","statementMap":{"0":{"start":{"line":1,"column":12},"end":{"line":1,"column":28}},"1":{"start":{"line":3,"column":25},"end":{"line":32,"column":1}},"2":{"start":{"line":4,"column":4},"end":{"line":31,"column":5}},"3":{"start":{"line":5,"column":8},"end":{"line":7,"column":9}},"4":{"start":{"line":6,"column":12},"end":{"line":6,"column":41}},"5":{"start":{"line":8,"column":18},"end":{"line":8,"column":158}},"6":{"start":{"line":9,"column":28},"end":{"line":9,"column":55}},"7":{"start":{"line":10,"column":21},"end":{"line":10,"column":47}},"8":{"start":{"line":11,"column":27},"end":{"line":11,"column":29}},"9":{"start":{"line":12,"column":2},"end":{"line":14,"column":9}},"10":{"start":{"line":13,"column":12},"end":{"line":13,"column":85}},"11":{"start":{"line":15,"column":8},"end":{"line":15,"column":27}},"12":{"start":{"line":18,"column":8},"end":{"line":30,"column":9}},"13":{"start":{"line":20,"column":12},"end":{"line":20,"column":24}},"14":{"start":{"line":21,"column":15},"end":{"line":30,"column":9}},"15":{"start":{"line":23,"column":12},"end":{"line":23,"column":24}},"16":{"start":{"line":24,"column":15},"end":{"line":30,"column":9}},"17":{"start":{"line":27,"column":12},"end":{"line":27,"column":24}},"18":{"start":{"line":29,"column":12},"end":{"line":29,"column":27}},"19":{"start":{"line":37,"column":0},"end":{"line":39,"column":1}}},"fnMap":{"0":{"name":"(anonymous_0)","decl":{"start":{"line":3,"column":25},"end":{"line":3,"column":26}},"loc":{"start":{"line":3,"column":41},"end":{"line":32,"column":1}},"line":3}},"branchMap":{"0":{"loc":{"start":{"line":5,"column":8},"end":{"line":7,"column":9}},"type":"if","locations":[{"start":{"line":5,"column":8},"end":{"line":7,"column":9}},{"start":{"line":5,"column":8},"end":{"line":7,"column":9}}],"line":5},"1":{"loc":{"start":{"line":18,"column":8},"end":{"line":30,"column":9}},"type":"if","locations":[{"start":{"line":18,"column":8},"end":{"line":30,"column":9}},{"start":{"line":18,"column":8},"end":{"line":30,"column":9}}],"line":18},"2":{"loc":{"start":{"line":18,"column":12},"end":{"line":18,"column":64}},"type":"binary-expr","locations":[{"start":{"line":18,"column":12},"end":{"line":18,"column":34}},{"start":{"line":18,"column":38},"end":{"line":18,"column":64}}],"line":18},"3":{"loc":{"start":{"line":21,"column":15},"end":{"line":30,"column":9}},"type":"if","locations":[{"start":{"line":21,"column":15},"end":{"line":30,"column":9}},{"start":{"line":21,"column":15},"end":{"line":30,"column":9}}],"line":21},"4":{"loc":{"start":{"line":21,"column":19},"end":{"line":21,"column":72}},"type":"binary-expr","locations":[{"start":{"line":21,"column":19},"end":{"line":21,"column":41}},{"start":{"line":21,"column":45},"end":{"line":21,"column":72}}],"line":21},"5":{"loc":{"start":{"line":24,"column":15},"end":{"line":30,"column":9}},"type":"if","locations":[{"start":{"line":24,"column":15},"end":{"line":30,"column":9}},{"start":{"line":24,"column":15},"end":{"line":30,"column":9}}],"line":24}},"s":{"0":1,"1":1,"2":39,"3":39,"4":1,"5":38,"6":38,"7":1,"8":1,"9":1,"10":2,"11":1,"12":38,"13":1,"14":37,"15":0,"16":37,"17":37,"18":0,"19":1},"f":{"0":39},"b":{"0":[1,38],"1":[1,37],"2":[38,1],"3":[0,37],"4":[37,0],"5":[37,0]},"_coverageSchema":"43e27e138ebf9cfc5966b082cf9a028302ed4184","hash":"5a432dfed2fdc1b8792075e0880afc409914e156","contentHash":"0a54bec29c3fc3619604dfef79b28625fd7f329f9a9685e66b64703b847e097b"},"C:\\Users\\Standard\\Documents\\GitHub\\StockExchangeApplication\\feature_functions\\MarqueeCurrency.js":{"path":"C:\\Users\\Standard\\Documents\\GitHub\\StockExchangeApplication\\feature_functions\\MarqueeCurrency.js","statementMap":{"0":{"start":{"line":1,"column":17},"end":{"line":1,"column":34}},"1":{"start":{"line":2,"column":16},"end":{"line":2,"column":32}},"2":{"start":{"line":3,"column":29},"end":{"line":153,"column":5}},"3":{"start":{"line":4,"column":24},"end":{"line":4,"column":52}},"4":{"start":{"line":5,"column":19},"end":{"line":5,"column":49}},"5":{"start":{"line":6,"column":19},"end":{"line":6,"column":85}},"6":{"start":{"line":7,"column":24},"end":{"line":7,"column":91}},"7":{"start":{"line":8,"column":19},"end":{"line":8,"column":34}},"8":{"start":{"line":9,"column":24},"end":{"line":9,"column":44}},"9":{"start":{"line":11,"column":18},"end":{"line":11,"column":26}},"10":{"start":{"line":12,"column":18},"end":{"line":12,"column":26}},"11":{"start":{"line":13,"column":18},"end":{"line":13,"column":26}},"12":{"start":{"line":14,"column":18},"end":{"line":14,"column":26}},"13":{"start":{"line":15,"column":18},"end":{"line":15,"column":26}},"14":{"start":{"line":16,"column":18},"end":{"line":16,"column":26}},"15":{"start":{"line":17,"column":18},"end":{"line":17,"column":26}},"16":{"start":{"line":18,"column":18},"end":{"line":18,"column":26}},"17":{"start":{"line":19,"column":18},"end":{"line":19,"column":26}},"18":{"start":{"line":20,"column":18},"end":{"line":20,"column":26}},"19":{"start":{"line":22,"column":23},"end":{"line":22,"column":36}},"20":{"start":{"line":23,"column":23},"end":{"line":23,"column":36}},"21":{"start":{"line":24,"column":23},"end":{"line":24,"column":36}},"22":{"start":{"line":25,"column":23},"end":{"line":25,"column":36}},"23":{"start":{"line":26,"column":23},"end":{"line":26,"column":36}},"24":{"start":{"line":27,"column":23},"end":{"line":27,"column":36}},"25":{"start":{"line":28,"column":23},"end":{"line":28,"column":36}},"26":{"start":{"line":29,"column":23},"end":{"line":29,"column":36}},"27":{"start":{"line":30,"column":23},"end":{"line":30,"column":36}},"28":{"start":{"line":31,"column":23},"end":{"line":31,"column":36}},"29":{"start":{"line":33,"column":8},"end":{"line":33,"column":68}},"30":{"start":{"line":34,"column":8},"end":{"line":34,"column":118}},"31":{"start":{"line":47,"column":8},"end":{"line":51,"column":9}},"32":{"start":{"line":48,"column":12},"end":{"line":48,"column":48}},"33":{"start":{"line":50,"column":12},"end":{"line":50,"column":46}},"34":{"start":{"line":52,"column":8},"end":{"line":56,"column":9}},"35":{"start":{"line":53,"column":12},"end":{"line":53,"column":48}},"36":{"start":{"line":55,"column":12},"end":{"line":55,"column":46}},"37":{"start":{"line":57,"column":8},"end":{"line":61,"column":9}},"38":{"start":{"line":58,"column":12},"end":{"line":58,"column":48}},"39":{"start":{"line":60,"column":12},"end":{"line":60,"column":46}},"40":{"start":{"line":62,"column":8},"end":{"line":66,"column":9}},"41":{"start":{"line":63,"column":12},"end":{"line":63,"column":48}},"42":{"start":{"line":65,"column":12},"end":{"line":65,"column":46}},"43":{"start":{"line":67,"column":8},"end":{"line":71,"column":9}},"44":{"start":{"line":68,"column":12},"end":{"line":68,"column":48}},"45":{"start":{"line":70,"column":12},"end":{"line":70,"column":46}},"46":{"start":{"line":72,"column":8},"end":{"line":76,"column":9}},"47":{"start":{"line":73,"column":12},"end":{"line":73,"column":48}},"48":{"start":{"line":75,"column":12},"end":{"line":75,"column":46}},"49":{"start":{"line":77,"column":8},"end":{"line":81,"column":9}},"50":{"start":{"line":78,"column":12},"end":{"line":78,"column":48}},"51":{"start":{"line":80,"column":12},"end":{"line":80,"column":46}},"52":{"start":{"line":82,"column":8},"end":{"line":86,"column":9}},"53":{"start":{"line":83,"column":12},"end":{"line":83,"column":48}},"54":{"start":{"line":85,"column":12},"end":{"line":85,"column":46}},"55":{"start":{"line":87,"column":8},"end":{"line":91,"column":9}},"56":{"start":{"line":88,"column":12},"end":{"line":88,"column":48}},"57":{"start":{"line":90,"column":12},"end":{"line":90,"column":46}},"58":{"start":{"line":92,"column":8},"end":{"line":96,"column":9}},"59":{"start":{"line":93,"column":12},"end":{"line":93,"column":48}},"60":{"start":{"line":95,"column":12},"end":{"line":95,"column":46}},"61":{"start":{"line":99,"column":31},"end":{"line":150,"column":9}},"62":{"start":{"line":152,"column":8},"end":{"line":152,"column":31}},"63":{"start":{"line":155,"column":4},"end":{"line":157,"column":5}}},"fnMap":{"0":{"name":"(anonymous_0)","decl":{"start":{"line":3,"column":29},"end":{"line":3,"column":30}},"loc":{"start":{"line":3,"column":40},"end":{"line":153,"column":5}},"line":3}},"branchMap":{"0":{"loc":{"start":{"line":47,"column":8},"end":{"line":51,"column":9}},"type":"if","locations":[{"start":{"line":47,"column":8},"end":{"line":51,"column":9}},{"start":{"line":47,"column":8},"end":{"line":51,"column":9}}],"line":47},"1":{"loc":{"start":{"line":52,"column":8},"end":{"line":56,"column":9}},"type":"if","locations":[{"start":{"line":52,"column":8},"end":{"line":56,"column":9}},{"start":{"line":52,"column":8},"end":{"line":56,"column":9}}],"line":52},"2":{"loc":{"start":{"line":57,"column":8},"end":{"line":61,"column":9}},"type":"if","locations":[{"start":{"line":57,"column":8},"end":{"line":61,"column":9}},{"start":{"line":57,"column":8},"end":{"line":61,"column":9}}],"line":57},"3":{"loc":{"start":{"line":62,"column":8},"end":{"line":66,"column":9}},"type":"if","locations":[{"start":{"line":62,"column":8},"end":{"line":66,"column":9}},{"start":{"line":62,"column":8},"end":{"line":66,"column":9}}],"line":62},"4":{"loc":{"start":{"line":67,"column":8},"end":{"line":71,"column":9}},"type":"if","locations":[{"start":{"line":67,"column":8},"end":{"line":71,"column":9}},{"start":{"line":67,"column":8},"end":{"line":71,"column":9}}],"line":67},"5":{"loc":{"start":{"line":72,"column":8},"end":{"line":76,"column":9}},"type":"if","locations":[{"start":{"line":72,"column":8},"end":{"line":76,"column":9}},{"start":{"line":72,"column":8},"end":{"line":76,"column":9}}],"line":72},"6":{"loc":{"start":{"line":77,"column":8},"end":{"line":81,"column":9}},"type":"if","locations":[{"start":{"line":77,"column":8},"end":{"line":81,"column":9}},{"start":{"line":77,"column":8},"end":{"line":81,"column":9}}],"line":77},"7":{"loc":{"start":{"line":82,"column":8},"end":{"line":86,"column":9}},"type":"if","locations":[{"start":{"line":82,"column":8},"end":{"line":86,"column":9}},{"start":{"line":82,"column":8},"end":{"line":86,"column":9}}],"line":82},"8":{"loc":{"start":{"line":87,"column":8},"end":{"line":91,"column":9}},"type":"if","locations":[{"start":{"line":87,"column":8},"end":{"line":91,"column":9}},{"start":{"line":87,"column":8},"end":{"line":91,"column":9}}],"line":87},"9":{"loc":{"start":{"line":92,"column":8},"end":{"line":96,"column":9}},"type":"if","locations":[{"start":{"line":92,"column":8},"end":{"line":96,"column":9}},{"start":{"line":92,"column":8},"end":{"line":96,"column":9}}],"line":92}},"s":{"0":1,"1":1,"2":1,"3":43,"4":43,"5":43,"6":43,"7":43,"8":43,"9":43,"10":43,"11":43,"12":43,"13":43,"14":43,"15":43,"16":43,"17":43,"18":43,"19":43,"20":43,"21":43,"22":43,"23":43,"24":43,"25":43,"26":43,"27":43,"28":43,"29":43,"30":43,"31":43,"32":18,"33":25,"34":43,"35":41,"36":2,"37":43,"38":41,"39":2,"40":43,"41":41,"42":2,"43":43,"44":41,"45":2,"46":43,"47":18,"48":25,"49":43,"50":18,"51":25,"52":43,"53":18,"54":25,"55":43,"56":18,"57":25,"58":43,"59":41,"60":2,"61":43,"62":43,"63":1},"f":{"0":43},"b":{"0":[18,25],"1":[41,2],"2":[41,2],"3":[41,2],"4":[41,2],"5":[18,25],"6":[18,25],"7":[18,25],"8":[18,25],"9":[41,2]},"_coverageSchema":"43e27e138ebf9cfc5966b082cf9a028302ed4184","hash":"d37992825afda252a75f49474c0175afaa992b12","contentHash":"b9f0f0234737556084ece18fad64b4aaf5a14dab7271326533ccc80a98deffa6"},"C:\\Users\\Standard\\Documents\\GitHub\\StockExchangeApplication\\feature_functions\\MarqueeStock.js":{"path":"C:\\Users\\Standard\\Documents\\GitHub\\StockExchangeApplication\\feature_functions\\MarqueeStock.js","statementMap":{"0":{"start":{"line":1,"column":12},"end":{"line":1,"column":28}},"1":{"start":{"line":3,"column":22},"end":{"line":140,"column":1}},"2":{"start":{"line":4,"column":21},"end":{"line":4,"column":207}},"3":{"start":{"line":5,"column":15},"end":{"line":5,"column":30}},"4":{"start":{"line":7,"column":4},"end":{"line":7,"column":53}},"5":{"start":{"line":8,"column":4},"end":{"line":8,"column":53}},"6":{"start":{"line":9,"column":4},"end":{"line":9,"column":53}},"7":{"start":{"line":10,"column":4},"end":{"line":10,"column":53}},"8":{"start":{"line":11,"column":4},"end":{"line":11,"column":53}},"9":{"start":{"line":12,"column":4},"end":{"line":12,"column":49}},"10":{"start":{"line":13,"column":4},"end":{"line":13,"column":49}},"11":{"start":{"line":14,"column":4},"end":{"line":14,"column":53}},"12":{"start":{"line":15,"column":4},"end":{"line":15,"column":51}},"13":{"start":{"line":16,"column":4},"end":{"line":16,"column":53}},"14":{"start":{"line":17,"column":4},"end":{"line":17,"column":58}},"15":{"start":{"line":18,"column":4},"end":{"line":19,"column":58}},"16":{"start":{"line":20,"column":4},"end":{"line":20,"column":58}},"17":{"start":{"line":21,"column":4},"end":{"line":21,"column":58}},"18":{"start":{"line":22,"column":4},"end":{"line":22,"column":54}},"19":{"start":{"line":23,"column":4},"end":{"line":23,"column":54}},"20":{"start":{"line":24,"column":4},"end":{"line":24,"column":58}},"21":{"start":{"line":25,"column":4},"end":{"line":25,"column":56}},"22":{"start":{"line":26,"column":4},"end":{"line":26,"column":58}},"23":{"start":{"line":29,"column":4},"end":{"line":29,"column":119}},"24":{"start":{"line":30,"column":4},"end":{"line":30,"column":169}},"25":{"start":{"line":34,"column":4},"end":{"line":38,"column":5}},"26":{"start":{"line":35,"column":8},"end":{"line":35,"column":44}},"27":{"start":{"line":37,"column":8},"end":{"line":37,"column":42}},"28":{"start":{"line":39,"column":4},"end":{"line":43,"column":5}},"29":{"start":{"line":40,"column":8},"end":{"line":40,"column":44}},"30":{"start":{"line":42,"column":8},"end":{"line":42,"column":42}},"31":{"start":{"line":44,"column":4},"end":{"line":48,"column":5}},"32":{"start":{"line":45,"column":8},"end":{"line":45,"column":44}},"33":{"start":{"line":47,"column":8},"end":{"line":47,"column":42}},"34":{"start":{"line":49,"column":4},"end":{"line":53,"column":5}},"35":{"start":{"line":50,"column":8},"end":{"line":50,"column":44}},"36":{"start":{"line":52,"column":8},"end":{"line":52,"column":42}},"37":{"start":{"line":54,"column":4},"end":{"line":58,"column":5}},"38":{"start":{"line":55,"column":8},"end":{"line":55,"column":44}},"39":{"start":{"line":57,"column":8},"end":{"line":57,"column":42}},"40":{"start":{"line":59,"column":4},"end":{"line":63,"column":5}},"41":{"start":{"line":60,"column":8},"end":{"line":60,"column":44}},"42":{"start":{"line":62,"column":8},"end":{"line":62,"column":42}},"43":{"start":{"line":64,"column":4},"end":{"line":68,"column":5}},"44":{"start":{"line":65,"column":8},"end":{"line":65,"column":44}},"45":{"start":{"line":67,"column":8},"end":{"line":67,"column":42}},"46":{"start":{"line":69,"column":4},"end":{"line":73,"column":5}},"47":{"start":{"line":70,"column":8},"end":{"line":70,"column":44}},"48":{"start":{"line":72,"column":8},"end":{"line":72,"column":42}},"49":{"start":{"line":74,"column":4},"end":{"line":78,"column":5}},"50":{"start":{"line":75,"column":8},"end":{"line":75,"column":44}},"51":{"start":{"line":77,"column":8},"end":{"line":77,"column":42}},"52":{"start":{"line":79,"column":4},"end":{"line":83,"column":5}},"53":{"start":{"line":80,"column":8},"end":{"line":80,"column":44}},"54":{"start":{"line":82,"column":8},"end":{"line":82,"column":42}},"55":{"start":{"line":86,"column":24},"end":{"line":137,"column":5}},"56":{"start":{"line":139,"column":4},"end":{"line":139,"column":24}},"57":{"start":{"line":142,"column":0},"end":{"line":144,"column":1}}},"fnMap":{"0":{"name":"(anonymous_0)","decl":{"start":{"line":3,"column":22},"end":{"line":3,"column":23}},"loc":{"start":{"line":3,"column":33},"end":{"line":140,"column":1}},"line":3}},"branchMap":{"0":{"loc":{"start":{"line":34,"column":4},"end":{"line":38,"column":5}},"type":"if","locations":[{"start":{"line":34,"column":4},"end":{"line":38,"column":5}},{"start":{"line":34,"column":4},"end":{"line":38,"column":5}}],"line":34},"1":{"loc":{"start":{"line":39,"column":4},"end":{"line":43,"column":5}},"type":"if","locations":[{"start":{"line":39,"column":4},"end":{"line":43,"column":5}},{"start":{"line":39,"column":4},"end":{"line":43,"column":5}}],"line":39},"2":{"loc":{"start":{"line":44,"column":4},"end":{"line":48,"column":5}},"type":"if","locations":[{"start":{"line":44,"column":4},"end":{"line":48,"column":5}},{"start":{"line":44,"column":4},"end":{"line":48,"column":5}}],"line":44},"3":{"loc":{"start":{"line":49,"column":4},"end":{"line":53,"column":5}},"type":"if","locations":[{"start":{"line":49,"column":4},"end":{"line":53,"column":5}},{"start":{"line":49,"column":4},"end":{"line":53,"column":5}}],"line":49},"4":{"loc":{"start":{"line":54,"column":4},"end":{"line":58,"column":5}},"type":"if","locations":[{"start":{"line":54,"column":4},"end":{"line":58,"column":5}},{"start":{"line":54,"column":4},"end":{"line":58,"column":5}}],"line":54},"5":{"loc":{"start":{"line":59,"column":4},"end":{"line":63,"column":5}},"type":"if","locations":[{"start":{"line":59,"column":4},"end":{"line":63,"column":5}},{"start":{"line":59,"column":4},"end":{"line":63,"column":5}}],"line":59},"6":{"loc":{"start":{"line":64,"column":4},"end":{"line":68,"column":5}},"type":"if","locations":[{"start":{"line":64,"column":4},"end":{"line":68,"column":5}},{"start":{"line":64,"column":4},"end":{"line":68,"column":5}}],"line":64},"7":{"loc":{"start":{"line":69,"column":4},"end":{"line":73,"column":5}},"type":"if","locations":[{"start":{"line":69,"column":4},"end":{"line":73,"column":5}},{"start":{"line":69,"column":4},"end":{"line":73,"column":5}}],"line":69},"8":{"loc":{"start":{"line":74,"column":4},"end":{"line":78,"column":5}},"type":"if","locations":[{"start":{"line":74,"column":4},"end":{"line":78,"column":5}},{"start":{"line":74,"column":4},"end":{"line":78,"column":5}}],"line":74},"9":{"loc":{"start":{"line":79,"column":4},"end":{"line":83,"column":5}},"type":"if","locations":[{"start":{"line":79,"column":4},"end":{"line":83,"column":5}},{"start":{"line":79,"column":4},"end":{"line":83,"column":5}}],"line":79}},"s":{"0":1,"1":1,"2":11,"3":11,"4":11,"5":11,"6":11,"7":11,"8":11,"9":11,"10":11,"11":11,"12":11,"13":11,"14":11,"15":11,"16":11,"17":11,"18":11,"19":11,"20":11,"21":11,"22":11,"23":11,"24":11,"25":11,"26":7,"27":4,"28":11,"29":3,"30":8,"31":11,"32":7,"33":4,"34":11,"35":3,"36":8,"37":11,"38":3,"39":8,"40":11,"41":3,"42":8,"43":11,"44":3,"45":8,"46":11,"47":7,"48":4,"49":11,"50":3,"51":8,"52":11,"53":3,"54":8,"55":11,"56":11,"57":1},"f":{"0":11},"b":{"0":[7,4],"1":[3,8],"2":[7,4],"3":[3,8],"4":[3,8],"5":[3,8],"6":[3,8],"7":[7,4],"8":[3,8],"9":[3,8]},"_coverageSchema":"43e27e138ebf9cfc5966b082cf9a028302ed4184","hash":"ad2b05a00f31e97da2b879a8facf4978788f8d8d","contentHash":"29e080773dad2933351822e20d077d1f39b607e40da05d2a1c042db535634756"},"C:\\Users\\Standard\\Documents\\GitHub\\StockExchangeApplication\\project.js":{"path":"C:\\Users\\Standard\\Documents\\GitHub\\StockExchangeApplication\\project.js","statementMap":{"0":{"start":{"line":1,"column":16},"end":{"line":1,"column":34}},"1":{"start":{"line":2,"column":12},"end":{"line":2,"column":26}},"2":{"start":{"line":3,"column":22},"end":{"line":3,"column":47}},"3":{"start":{"line":4,"column":17},"end":{"line":4,"column":36}},"4":{"start":{"line":5,"column":19},"end":{"line":5,"column":41}},"5":{"start":{"line":6,"column":15},"end":{"line":6,"column":32}},"6":{"start":{"line":7,"column":13},"end":{"line":7,"column":29}},"7":{"start":{"line":8,"column":18},"end":{"line":8,"column":47}},"8":{"start":{"line":9,"column":15},"end":{"line":9,"column":34}},"9":{"start":{"line":10,"column":9},"end":{"line":10,"column":22}},"10":{"start":{"line":11,"column":14},"end":{"line":11,"column":40}},"11":{"start":{"line":12,"column":12},"end":{"line":12,"column":30}},"12":{"start":{"line":13,"column":19},"end":{"line":13,"column":43}},"13":{"start":{"line":14,"column":13},"end":{"line":14,"column":30}},"14":{"start":{"line":16,"column":15},"end":{"line":16,"column":107}},"15":{"start":{"line":27,"column":4},"end":{"line":27,"column":24}},"16":{"start":{"line":30,"column":13},"end":{"line":30,"column":37}},"17":{"start":{"line":33,"column":0},"end":{"line":33,"column":53}},"18":{"start":{"line":36,"column":0},"end":{"line":36,"column":34}},"19":{"start":{"line":39,"column":0},"end":{"line":42,"column":3}},"20":{"start":{"line":45,"column":10},"end":{"line":45,"column":19}},"21":{"start":{"line":48,"column":0},"end":{"line":48,"column":18}},"22":{"start":{"line":51,"column":0},"end":{"line":51,"column":30}},"23":{"start":{"line":54,"column":0},"end":{"line":54,"column":46}},"24":{"start":{"line":56,"column":0},"end":{"line":56,"column":27}},"25":{"start":{"line":58,"column":0},"end":{"line":58,"column":51}},"26":{"start":{"line":60,"column":0},"end":{"line":60,"column":31}},"27":{"start":{"line":62,"column":0},"end":{"line":62,"column":28}},"28":{"start":{"line":64,"column":0},"end":{"line":64,"column":24}},"29":{"start":{"line":68,"column":0},"end":{"line":68,"column":34}},"30":{"start":{"line":71,"column":16},"end":{"line":74,"column":2}},"31":{"start":{"line":77,"column":0},"end":{"line":77,"column":17}},"32":{"start":{"line":79,"column":0},"end":{"line":81,"column":3}},"33":{"start":{"line":80,"column":1},"end":{"line":80,"column":64}},"34":{"start":{"line":83,"column":0},"end":{"line":85,"column":3}},"35":{"start":{"line":84,"column":1},"end":{"line":84,"column":32}},"36":{"start":{"line":87,"column":0},"end":{"line":89,"column":3}},"37":{"start":{"line":88,"column":1},"end":{"line":88,"column":23}},"38":{"start":{"line":91,"column":0},"end":{"line":93,"column":3}},"39":{"start":{"line":92,"column":1},"end":{"line":92,"column":15}},"40":{"start":{"line":96,"column":0},"end":{"line":111,"column":2}},"41":{"start":{"line":130,"column":0},"end":{"line":132,"column":3}},"42":{"start":{"line":131,"column":1},"end":{"line":131,"column":18}},"43":{"start":{"line":135,"column":0},"end":{"line":137,"column":3}},"44":{"start":{"line":136,"column":1},"end":{"line":136,"column":18}},"45":{"start":{"line":140,"column":0},"end":{"line":149,"column":3}},"46":{"start":{"line":141,"column":12},"end":{"line":141,"column":33}},"47":{"start":{"line":142,"column":17},"end":{"line":142,"column":60}},"48":{"start":{"line":143,"column":1},"end":{"line":147,"column":4}},"49":{"start":{"line":144,"column":2},"end":{"line":146,"column":3}},"50":{"start":{"line":145,"column":3},"end":{"line":145,"column":40}},"51":{"start":{"line":148,"column":1},"end":{"line":148,"column":8}},"52":{"start":{"line":153,"column":21},"end":{"line":166,"column":2}},"53":{"start":{"line":168,"column":0},"end":{"line":194,"column":2}},"54":{"start":{"line":170,"column":2},"end":{"line":192,"column":5}},"55":{"start":{"line":171,"column":3},"end":{"line":173,"column":4}},"56":{"start":{"line":172,"column":4},"end":{"line":172,"column":21}},"57":{"start":{"line":174,"column":3},"end":{"line":176,"column":4}},"58":{"start":{"line":175,"column":4},"end":{"line":175,"column":29}},"59":{"start":{"line":177,"column":3},"end":{"line":186,"column":6}},"60":{"start":{"line":178,"column":4},"end":{"line":180,"column":5}},"61":{"start":{"line":179,"column":5},"end":{"line":179,"column":30}},"62":{"start":{"line":181,"column":4},"end":{"line":185,"column":5}},"63":{"start":{"line":182,"column":5},"end":{"line":182,"column":29}},"64":{"start":{"line":184,"column":5},"end":{"line":184,"column":30}},"65":{"start":{"line":196,"column":21},"end":{"line":196,"column":68}},"66":{"start":{"line":198,"column":0},"end":{"line":198,"column":24}},"67":{"start":{"line":199,"column":0},"end":{"line":199,"column":21}},"68":{"start":{"line":200,"column":0},"end":{"line":200,"column":24}},"69":{"start":{"line":201,"column":0},"end":{"line":201,"column":23}},"70":{"start":{"line":202,"column":0},"end":{"line":202,"column":21}},"71":{"start":{"line":203,"column":0},"end":{"line":203,"column":21}},"72":{"start":{"line":204,"column":0},"end":{"line":204,"column":21}},"73":{"start":{"line":206,"column":0},"end":{"line":210,"column":3}},"74":{"start":{"line":208,"column":1},"end":{"line":208,"column":45}},"75":{"start":{"line":209,"column":1},"end":{"line":209,"column":14}},"76":{"start":{"line":213,"column":0},"end":{"line":213,"column":21}}},"fnMap":{"0":{"name":"(anonymous_0)","decl":{"start":{"line":79,"column":31},"end":{"line":79,"column":32}},"loc":{"start":{"line":79,"column":62},"end":{"line":81,"column":1}},"line":79},"1":{"name":"(anonymous_1)","decl":{"start":{"line":83,"column":27},"end":{"line":83,"column":28}},"loc":{"start":{"line":83,"column":46},"end":{"line":85,"column":1}},"line":83},"2":{"name":"(anonymous_2)","decl":{"start":{"line":87,"column":33},"end":{"line":87,"column":34}},"loc":{"start":{"line":87,"column":48},"end":{"line":89,"column":1}},"line":87},"3":{"name":"(anonymous_3)","decl":{"start":{"line":91,"column":30},"end":{"line":91,"column":31}},"loc":{"start":{"line":91,"column":45},"end":{"line":93,"column":1}},"line":91},"4":{"name":"(anonymous_4)","decl":{"start":{"line":130,"column":23},"end":{"line":130,"column":24}},"loc":{"start":{"line":130,"column":45},"end":{"line":132,"column":1}},"line":130},"5":{"name":"(anonymous_5)","decl":{"start":{"line":135,"column":25},"end":{"line":135,"column":26}},"loc":{"start":{"line":135,"column":47},"end":{"line":137,"column":1}},"line":135},"6":{"name":"(anonymous_6)","decl":{"start":{"line":140,"column":8},"end":{"line":140,"column":9}},"loc":{"start":{"line":140,"column":37},"end":{"line":149,"column":1}},"line":140},"7":{"name":"(anonymous_7)","decl":{"start":{"line":143,"column":47},"end":{"line":143,"column":48}},"loc":{"start":{"line":143,"column":56},"end":{"line":147,"column":2}},"line":143},"8":{"name":"(anonymous_8)","decl":{"start":{"line":169,"column":19},"end":{"line":169,"column":20}},"loc":{"start":{"line":169,"column":55},"end":{"line":193,"column":2}},"line":169},"9":{"name":"(anonymous_9)","decl":{"start":{"line":170,"column":47},"end":{"line":170,"column":48}},"loc":{"start":{"line":170,"column":68},"end":{"line":192,"column":3}},"line":170},"10":{"name":"(anonymous_10)","decl":{"start":{"line":177,"column":43},"end":{"line":177,"column":44}},"loc":{"start":{"line":177,"column":66},"end":{"line":186,"column":4}},"line":177},"11":{"name":"(anonymous_11)","decl":{"start":{"line":206,"column":17},"end":{"line":206,"column":18}},"loc":{"start":{"line":206,"column":23},"end":{"line":210,"column":1}},"line":206}},"branchMap":{"0":{"loc":{"start":{"line":30,"column":13},"end":{"line":30,"column":37}},"type":"binary-expr","locations":[{"start":{"line":30,"column":13},"end":{"line":30,"column":29}},{"start":{"line":30,"column":33},"end":{"line":30,"column":37}}],"line":30},"1":{"loc":{"start":{"line":80,"column":8},"end":{"line":80,"column":63}},"type":"cond-expr","locations":[{"start":{"line":80,"column":23},"end":{"line":80,"column":39}},{"start":{"line":80,"column":42},"end":{"line":80,"column":63}}],"line":80},"2":{"loc":{"start":{"line":144,"column":2},"end":{"line":146,"column":3}},"type":"if","locations":[{"start":{"line":144,"column":2},"end":{"line":146,"column":3}},{"start":{"line":144,"column":2},"end":{"line":146,"column":3}}],"line":144},"3":{"loc":{"start":{"line":171,"column":3},"end":{"line":173,"column":4}},"type":"if","locations":[{"start":{"line":171,"column":3},"end":{"line":173,"column":4}},{"start":{"line":171,"column":3},"end":{"line":173,"column":4}}],"line":171},"4":{"loc":{"start":{"line":174,"column":3},"end":{"line":176,"column":4}},"type":"if","locations":[{"start":{"line":174,"column":3},"end":{"line":176,"column":4}},{"start":{"line":174,"column":3},"end":{"line":176,"column":4}}],"line":174},"5":{"loc":{"start":{"line":178,"column":4},"end":{"line":180,"column":5}},"type":"if","locations":[{"start":{"line":178,"column":4},"end":{"line":180,"column":5}},{"start":{"line":178,"column":4},"end":{"line":180,"column":5}}],"line":178},"6":{"loc":{"start":{"line":181,"column":4},"end":{"line":185,"column":5}},"type":"if","locations":[{"start":{"line":181,"column":4},"end":{"line":185,"column":5}},{"start":{"line":181,"column":4},"end":{"line":185,"column":5}}],"line":181}},"s":{"0":1,"1":1,"2":1,"3":1,"4":1,"5":1,"6":1,"7":1,"8":1,"9":1,"10":1,"11":1,"12":1,"13":1,"14":1,"15":1,"16":1,"17":1,"18":1,"19":1,"20":1,"21":1,"22":1,"23":1,"24":1,"25":1,"26":1,"27":1,"28":1,"29":1,"30":1,"31":1,"32":1,"33":148,"34":1,"35":40,"36":1,"37":974,"38":1,"39":2,"40":1,"41":1,"42":40,"43":1,"44":0,"45":1,"46":170,"47":170,"48":170,"49":170,"50":0,"51":170,"52":1,"53":1,"54":45,"55":45,"56":0,"57":45,"58":3,"59":42,"60":42,"61":0,"62":42,"63":40,"64":2,"65":1,"66":1,"67":1,"68":1,"69":1,"70":1,"71":1,"72":1,"73":1,"74":1,"75":1,"76":1},"f":{"0":148,"1":40,"2":974,"3":2,"4":40,"5":0,"6":170,"7":170,"8":45,"9":45,"10":42,"11":1},"b":{"0":[1,1],"1":[122,26],"2":[0,170],"3":[0,45],"4":[3,42],"5":[0,42],"6":[40,2]},"_coverageSchema":"43e27e138ebf9cfc5966b082cf9a028302ed4184","hash":"7b5498e28f0f670af55fa9b6556a27b12b715f2e","contentHash":"d362958f1c541f06996974cd8459dd3e84c242672a1c3ebd88821b40944c4198"},"C:\\Users\\Standard\\Documents\\GitHub\\StockExchangeApplication\\utils.js":{"path":"C:\\Users\\Standard\\Documents\\GitHub\\StockExchangeApplication\\utils.js","statementMap":{"0":{"start":{"line":1,"column":20},"end":{"line":1,"column":50}},"1":{"start":{"line":3,"column":15},"end":{"line":3,"column":107}},"2":{"start":{"line":4,"column":10},"end":{"line":4,"column":14}},"3":{"start":{"line":6,"column":0},"end":{"line":8,"column":1}},"4":{"start":{"line":7,"column":1},"end":{"line":7,"column":12}},"5":{"start":{"line":10,"column":0},"end":{"line":18,"column":1}},"6":{"start":{"line":11,"column":1},"end":{"line":17,"column":3}},"7":{"start":{"line":12,"column":2},"end":{"line":14,"column":3}},"8":{"start":{"line":13,"column":3},"end":{"line":13,"column":49}},"9":{"start":{"line":15,"column":2},"end":{"line":15,"column":30}},"10":{"start":{"line":16,"column":2},"end":{"line":16,"column":58}}},"fnMap":{"0":{"name":"(anonymous_0)","decl":{"start":{"line":6,"column":23},"end":{"line":6,"column":24}},"loc":{"start":{"line":6,"column":35},"end":{"line":8,"column":1}},"line":6},"1":{"name":"(anonymous_1)","decl":{"start":{"line":10,"column":22},"end":{"line":10,"column":23}},"loc":{"start":{"line":10,"column":42},"end":{"line":18,"column":1}},"line":10},"2":{"name":"(anonymous_2)","decl":{"start":{"line":11,"column":29},"end":{"line":11,"column":30}},"loc":{"start":{"line":11,"column":52},"end":{"line":17,"column":2}},"line":11}},"branchMap":{"0":{"loc":{"start":{"line":12,"column":2},"end":{"line":14,"column":3}},"type":"if","locations":[{"start":{"line":12,"column":2},"end":{"line":14,"column":3}},{"start":{"line":12,"column":2},"end":{"line":14,"column":3}}],"line":12}},"s":{"0":1,"1":1,"2":1,"3":1,"4":21,"5":1,"6":1,"7":1,"8":0,"9":1,"10":1},"f":{"0":21,"1":1,"2":1},"b":{"0":[0,1]},"_coverageSchema":"43e27e138ebf9cfc5966b082cf9a028302ed4184","hash":"5fc5a33740f5e5e8d9d4ee4e4bc4d12f52728c48","contentHash":"d5fa00b843c559ab4d379ffa99bc13e616112080ac98171b00a9221c695db54b"},"C:\\Users\\Standard\\Documents\\GitHub\\StockExchangeApplication\\routers\\index.js":{"path":"C:\\Users\\Standard\\Documents\\GitHub\\StockExchangeApplication\\routers\\index.js","statementMap":{"0":{"start":{"line":1,"column":0},"end":{"line":1,"column":47}},"1":{"start":{"line":2,"column":0},"end":{"line":2,"column":41}},"2":{"start":{"line":3,"column":0},"end":{"line":3,"column":45}},"3":{"start":{"line":4,"column":0},"end":{"line":4,"column":41}},"4":{"start":{"line":5,"column":0},"end":{"line":5,"column":47}},"5":{"start":{"line":6,"column":0},"end":{"line":6,"column":41}},"6":{"start":{"line":7,"column":0},"end":{"line":7,"column":41}}},"fnMap":{},"branchMap":{},"s":{"0":1,"1":1,"2":1,"3":1,"4":1,"5":1,"6":1},"f":{},"b":{},"_coverageSchema":"43e27e138ebf9cfc5966b082cf9a028302ed4184","hash":"25d64a40f8644bd84834a6318af3c5b53f46f039","contentHash":"33bc59da3173001331a8819cbc0dbbf4e74c34937c4e8527d08032b6edd12764"},"C:\\Users\\Standard\\Documents\\GitHub\\StockExchangeApplication\\routers\\register.js":{"path":"C:\\Users\\Standard\\Documents\\GitHub\\StockExchangeApplication\\routers\\register.js","statementMap":{"0":{"start":{"line":1,"column":16},"end":{"line":1,"column":34}},"1":{"start":{"line":2,"column":15},"end":{"line":2,"column":32}},"2":{"start":{"line":3,"column":16},"end":{"line":3,"column":42}},"3":{"start":{"line":5,"column":12},"end":{"line":5,"column":31}},"4":{"start":{"line":7,"column":15},"end":{"line":7,"column":35}},"5":{"start":{"line":9,"column":17},"end":{"line":9,"column":19}},"6":{"start":{"line":11,"column":19},"end":{"line":24,"column":1}},"7":{"start":{"line":26,"column":17},"end":{"line":30,"column":1}},"8":{"start":{"line":32,"column":0},"end":{"line":39,"column":4}},"9":{"start":{"line":35,"column":2},"end":{"line":38,"column":5}},"10":{"start":{"line":41,"column":0},"end":{"line":187,"column":4}},"11":{"start":{"line":44,"column":2},"end":{"line":44,"column":110}},"12":{"start":{"line":47,"column":11},"end":{"line":47,"column":24}},"13":{"start":{"line":49,"column":18},"end":{"line":49,"column":40}},"14":{"start":{"line":50,"column":17},"end":{"line":50,"column":38}},"15":{"start":{"line":51,"column":17},"end":{"line":51,"column":38}},"16":{"start":{"line":52,"column":14},"end":{"line":52,"column":32}},"17":{"start":{"line":53,"column":17},"end":{"line":53,"column":38}},"18":{"start":{"line":54,"column":25},"end":{"line":54,"column":54}},"19":{"start":{"line":55,"column":12},"end":{"line":55,"column":28}},"20":{"start":{"line":56,"column":12},"end":{"line":56,"column":28}},"21":{"start":{"line":57,"column":12},"end":{"line":57,"column":28}},"22":{"start":{"line":58,"column":12},"end":{"line":58,"column":28}},"23":{"start":{"line":63,"column":19},"end":{"line":69,"column":3}},"24":{"start":{"line":72,"column":2},"end":{"line":131,"column":3}},"25":{"start":{"line":73,"column":3},"end":{"line":73,"column":86}},"26":{"start":{"line":74,"column":3},"end":{"line":76,"column":6}},"27":{"start":{"line":77,"column":9},"end":{"line":131,"column":3}},"28":{"start":{"line":78,"column":3},"end":{"line":78,"column":85}},"29":{"start":{"line":79,"column":3},"end":{"line":81,"column":6}},"30":{"start":{"line":82,"column":9},"end":{"line":131,"column":3}},"31":{"start":{"line":83,"column":3},"end":{"line":83,"column":80}},"32":{"start":{"line":84,"column":3},"end":{"line":86,"column":6}},"33":{"start":{"line":88,"column":7},"end":{"line":131,"column":3}},"34":{"start":{"line":89,"column":3},"end":{"line":89,"column":36}},"35":{"start":{"line":90,"column":3},"end":{"line":92,"column":5}},"36":{"start":{"line":93,"column":9},"end":{"line":131,"column":3}},"37":{"start":{"line":94,"column":3},"end":{"line":94,"column":80}},"38":{"start":{"line":95,"column":3},"end":{"line":98,"column":6}},"39":{"start":{"line":99,"column":9},"end":{"line":131,"column":3}},"40":{"start":{"line":100,"column":3},"end":{"line":100,"column":57}},"41":{"start":{"line":101,"column":3},"end":{"line":104,"column":6}},"42":{"start":{"line":105,"column":9},"end":{"line":131,"column":3}},"43":{"start":{"line":106,"column":3},"end":{"line":106,"column":67}},"44":{"start":{"line":107,"column":3},"end":{"line":110,"column":6}},"45":{"start":{"line":111,"column":9},"end":{"line":131,"column":3}},"46":{"start":{"line":112,"column":3},"end":{"line":112,"column":108}},"47":{"start":{"line":113,"column":3},"end":{"line":116,"column":6}},"48":{"start":{"line":117,"column":9},"end":{"line":131,"column":3}},"49":{"start":{"line":118,"column":3},"end":{"line":118,"column":66}},"50":{"start":{"line":119,"column":3},"end":{"line":122,"column":6}},"51":{"start":{"line":123,"column":9},"end":{"line":131,"column":3}},"52":{"start":{"line":124,"column":3},"end":{"line":124,"column":108}},"53":{"start":{"line":125,"column":3},"end":{"line":128,"column":6}},"54":{"start":{"line":130,"column":3},"end":{"line":130,"column":16}},"55":{"start":{"line":133,"column":2},"end":{"line":186,"column":3}},"56":{"start":{"line":134,"column":3},"end":{"line":185,"column":6}},"57":{"start":{"line":135,"column":4},"end":{"line":184,"column":5}},"58":{"start":{"line":136,"column":5},"end":{"line":136,"column":24}},"59":{"start":{"line":138,"column":5},"end":{"line":183,"column":7}},"60":{"start":{"line":141,"column":7},"end":{"line":181,"column":8}},"61":{"start":{"line":142,"column":8},"end":{"line":174,"column":10}},"62":{"start":{"line":161,"column":10},"end":{"line":167,"column":11}},"63":{"start":{"line":162,"column":11},"end":{"line":162,"column":87}},"64":{"start":{"line":163,"column":11},"end":{"line":166,"column":14}},"65":{"start":{"line":168,"column":10},"end":{"line":168,"column":159}},"66":{"start":{"line":169,"column":10},"end":{"line":172,"column":13}},"67":{"start":{"line":176,"column":8},"end":{"line":176,"column":81}},"68":{"start":{"line":177,"column":8},"end":{"line":180,"column":11}},"69":{"start":{"line":195,"column":19},"end":{"line":195,"column":38}},"70":{"start":{"line":196,"column":21},"end":{"line":196,"column":40}},"71":{"start":{"line":198,"column":1},"end":{"line":202,"column":2}},"72":{"start":{"line":199,"column":2},"end":{"line":199,"column":14}},"73":{"start":{"line":201,"column":2},"end":{"line":201,"column":15}},"74":{"start":{"line":203,"column":1},"end":{"line":203,"column":13}},"75":{"start":{"line":208,"column":19},"end":{"line":208,"column":45}},"76":{"start":{"line":210,"column":1},"end":{"line":214,"column":2}},"77":{"start":{"line":211,"column":2},"end":{"line":211,"column":14}},"78":{"start":{"line":213,"column":2},"end":{"line":213,"column":15}},"79":{"start":{"line":215,"column":1},"end":{"line":215,"column":13}},"80":{"start":{"line":219,"column":1},"end":{"line":223,"column":2}},"81":{"start":{"line":220,"column":2},"end":{"line":220,"column":9}},"82":{"start":{"line":222,"column":2},"end":{"line":222,"column":25}},"83":{"start":{"line":226,"column":0},"end":{"line":226,"column":24}}},"fnMap":{"0":{"name":"(anonymous_0)","decl":{"start":{"line":34,"column":23},"end":{"line":34,"column":24}},"loc":{"start":{"line":34,"column":46},"end":{"line":39,"column":2}},"line":34},"1":{"name":"(anonymous_1)","decl":{"start":{"line":43,"column":6},"end":{"line":43,"column":7}},"loc":{"start":{"line":43,"column":29},"end":{"line":45,"column":2}},"line":43},"2":{"name":"(anonymous_2)","decl":{"start":{"line":46,"column":7},"end":{"line":46,"column":8}},"loc":{"start":{"line":46,"column":30},"end":{"line":187,"column":2}},"line":46},"3":{"name":"(anonymous_3)","decl":{"start":{"line":134,"column":37},"end":{"line":134,"column":38}},"loc":{"start":{"line":134,"column":52},"end":{"line":185,"column":4}},"line":134},"4":{"name":"(anonymous_4)","decl":{"start":{"line":140,"column":6},"end":{"line":140,"column":7}},"loc":{"start":{"line":140,"column":29},"end":{"line":182,"column":7}},"line":140},"5":{"name":"(anonymous_5)","decl":{"start":{"line":160,"column":9},"end":{"line":160,"column":10}},"loc":{"start":{"line":160,"column":26},"end":{"line":173,"column":10}},"line":160},"6":{"name":"check_str","decl":{"start":{"line":193,"column":9},"end":{"line":193,"column":18}},"loc":{"start":{"line":193,"column":33},"end":{"line":204,"column":1}},"line":193},"7":{"name":"check_uniq","decl":{"start":{"line":206,"column":9},"end":{"line":206,"column":19}},"loc":{"start":{"line":206,"column":34},"end":{"line":216,"column":1}},"line":206},"8":{"name":"isAuthenticated","decl":{"start":{"line":218,"column":9},"end":{"line":218,"column":24}},"loc":{"start":{"line":218,"column":50},"end":{"line":224,"column":1}},"line":218}},"branchMap":{"0":{"loc":{"start":{"line":72,"column":2},"end":{"line":131,"column":3}},"type":"if","locations":[{"start":{"line":72,"column":2},"end":{"line":131,"column":3}},{"start":{"line":72,"column":2},"end":{"line":131,"column":3}}],"line":72},"1":{"loc":{"start":{"line":77,"column":9},"end":{"line":131,"column":3}},"type":"if","locations":[{"start":{"line":77,"column":9},"end":{"line":131,"column":3}},{"start":{"line":77,"column":9},"end":{"line":131,"column":3}}],"line":77},"2":{"loc":{"start":{"line":82,"column":9},"end":{"line":131,"column":3}},"type":"if","locations":[{"start":{"line":82,"column":9},"end":{"line":131,"column":3}},{"start":{"line":82,"column":9},"end":{"line":131,"column":3}}],"line":82},"3":{"loc":{"start":{"line":88,"column":7},"end":{"line":131,"column":3}},"type":"if","locations":[{"start":{"line":88,"column":7},"end":{"line":131,"column":3}},{"start":{"line":88,"column":7},"end":{"line":131,"column":3}}],"line":88},"4":{"loc":{"start":{"line":93,"column":9},"end":{"line":131,"column":3}},"type":"if","locations":[{"start":{"line":93,"column":9},"end":{"line":131,"column":3}},{"start":{"line":93,"column":9},"end":{"line":131,"column":3}}],"line":93},"5":{"loc":{"start":{"line":99,"column":9},"end":{"line":131,"column":3}},"type":"if","locations":[{"start":{"line":99,"column":9},"end":{"line":131,"column":3}},{"start":{"line":99,"column":9},"end":{"line":131,"column":3}}],"line":99},"6":{"loc":{"start":{"line":105,"column":9},"end":{"line":131,"column":3}},"type":"if","locations":[{"start":{"line":105,"column":9},"end":{"line":131,"column":3}},{"start":{"line":105,"column":9},"end":{"line":131,"column":3}}],"line":105},"7":{"loc":{"start":{"line":111,"column":9},"end":{"line":131,"column":3}},"type":"if","locations":[{"start":{"line":111,"column":9},"end":{"line":131,"column":3}},{"start":{"line":111,"column":9},"end":{"line":131,"column":3}}],"line":111},"8":{"loc":{"start":{"line":111,"column":13},"end":{"line":111,"column":59}},"type":"binary-expr","locations":[{"start":{"line":111,"column":13},"end":{"line":111,"column":38}},{"start":{"line":111,"column":42},"end":{"line":111,"column":59}}],"line":111},"9":{"loc":{"start":{"line":117,"column":9},"end":{"line":131,"column":3}},"type":"if","locations":[{"start":{"line":117,"column":9},"end":{"line":131,"column":3}},{"start":{"line":117,"column":9},"end":{"line":131,"column":3}}],"line":117},"10":{"loc":{"start":{"line":123,"column":9},"end":{"line":131,"column":3}},"type":"if","locations":[{"start":{"line":123,"column":9},"end":{"line":131,"column":3}},{"start":{"line":123,"column":9},"end":{"line":131,"column":3}}],"line":123},"11":{"loc":{"start":{"line":123,"column":13},"end":{"line":123,"column":59}},"type":"binary-expr","locations":[{"start":{"line":123,"column":13},"end":{"line":123,"column":38}},{"start":{"line":123,"column":42},"end":{"line":123,"column":59}}],"line":123},"12":{"loc":{"start":{"line":133,"column":2},"end":{"line":186,"column":3}},"type":"if","locations":[{"start":{"line":133,"column":2},"end":{"line":186,"column":3}},{"start":{"line":133,"column":2},"end":{"line":186,"column":3}}],"line":133},"13":{"loc":{"start":{"line":135,"column":4},"end":{"line":184,"column":5}},"type":"if","locations":[{"start":{"line":135,"column":4},"end":{"line":184,"column":5}},{"start":{"line":135,"column":4},"end":{"line":184,"column":5}}],"line":135},"14":{"loc":{"start":{"line":141,"column":7},"end":{"line":181,"column":8}},"type":"if","locations":[{"start":{"line":141,"column":7},"end":{"line":181,"column":8}},{"start":{"line":141,"column":7},"end":{"line":181,"column":8}}],"line":141},"15":{"loc":{"start":{"line":161,"column":10},"end":{"line":167,"column":11}},"type":"if","locations":[{"start":{"line":161,"column":10},"end":{"line":167,"column":11}},{"start":{"line":161,"column":10},"end":{"line":167,"column":11}}],"line":161},"16":{"loc":{"start":{"line":198,"column":1},"end":{"line":202,"column":2}},"type":"if","locations":[{"start":{"line":198,"column":1},"end":{"line":202,"column":2}},{"start":{"line":198,"column":1},"end":{"line":202,"column":2}}],"line":198},"17":{"loc":{"start":{"line":210,"column":1},"end":{"line":214,"column":2}},"type":"if","locations":[{"start":{"line":210,"column":1},"end":{"line":214,"column":2}},{"start":{"line":210,"column":1},"end":{"line":214,"column":2}}],"line":210},"18":{"loc":{"start":{"line":219,"column":1},"end":{"line":223,"column":2}},"type":"if","locations":[{"start":{"line":219,"column":1},"end":{"line":223,"column":2}},{"start":{"line":219,"column":1},"end":{"line":223,"column":2}}],"line":219}},"s":{"0":1,"1":1,"2":1,"3":1,"4":1,"5":1,"6":1,"7":1,"8":1,"9":1,"10":1,"11":1,"12":11,"13":11,"14":11,"15":11,"16":11,"17":11,"18":11,"19":11,"20":11,"21":11,"22":11,"23":11,"24":11,"25":1,"26":1,"27":10,"28":1,"29":1,"30":9,"31":1,"32":1,"33":8,"34":0,"35":0,"36":8,"37":1,"38":1,"39":7,"40":1,"41":1,"42":6,"43":1,"44":1,"45":5,"46":1,"47":1,"48":4,"49":1,"50":1,"51":3,"52":1,"53":1,"54":2,"55":11,"56":2,"57":2,"58":0,"59":2,"60":2,"61":1,"62":1,"63":0,"64":0,"65":1,"66":1,"67":1,"68":1,"69":21,"70":21,"71":21,"72":19,"73":2,"74":21,"75":25,"76":25,"77":21,"78":4,"79":25,"80":1,"81":1,"82":0,"83":1},"f":{"0":1,"1":1,"2":11,"3":2,"4":2,"5":1,"6":21,"7":25,"8":1},"b":{"0":[1,10],"1":[1,9],"2":[1,8],"3":[0,8],"4":[1,7],"5":[1,6],"6":[1,5],"7":[1,4],"8":[5,4],"9":[1,3],"10":[1,2],"11":[3,2],"12":[2,9],"13":[0,2],"14":[1,1],"15":[0,1],"16":[19,2],"17":[21,4],"18":[1,0]},"_coverageSchema":"43e27e138ebf9cfc5966b082cf9a028302ed4184","hash":"f9f55e8e414d5f49ff5bec4a2f678f1780c43d1e","contentHash":"af59fddb69a900f3cf6c4de2c5be77fdcfb5d71397ccc29bc609e0cc82505c1f"},"C:\\Users\\Standard\\Documents\\GitHub\\StockExchangeApplication\\routers\\login.js":{"path":"C:\\Users\\Standard\\Documents\\GitHub\\StockExchangeApplication\\routers\\login.js","statementMap":{"0":{"start":{"line":1,"column":16},"end":{"line":1,"column":34}},"1":{"start":{"line":2,"column":17},"end":{"line":2,"column":36}},"2":{"start":{"line":3,"column":15},"end":{"line":3,"column":32}},"3":{"start":{"line":4,"column":9},"end":{"line":4,"column":22}},"4":{"start":{"line":5,"column":17},"end":{"line":5,"column":38}},"5":{"start":{"line":6,"column":10},"end":{"line":6,"column":50}},"6":{"start":{"line":7,"column":12},"end":{"line":7,"column":28}},"7":{"start":{"line":8,"column":13},"end":{"line":8,"column":30}},"8":{"start":{"line":9,"column":12},"end":{"line":9,"column":31}},"9":{"start":{"line":11,"column":17},"end":{"line":11,"column":19}},"10":{"start":{"line":13,"column":15},"end":{"line":13,"column":35}},"11":{"start":{"line":15,"column":19},"end":{"line":28,"column":1}},"12":{"start":{"line":30,"column":17},"end":{"line":33,"column":1}},"13":{"start":{"line":35,"column":12},"end":{"line":44,"column":1}},"14":{"start":{"line":36,"column":15},"end":{"line":36,"column":36}},"15":{"start":{"line":37,"column":17},"end":{"line":37,"column":74}},"16":{"start":{"line":38,"column":1},"end":{"line":42,"column":4}},"17":{"start":{"line":39,"column":2},"end":{"line":41,"column":3}},"18":{"start":{"line":40,"column":3},"end":{"line":40,"column":40}},"19":{"start":{"line":43,"column":1},"end":{"line":43,"column":8}},"20":{"start":{"line":46,"column":0},"end":{"line":62,"column":6}},"21":{"start":{"line":49,"column":8},"end":{"line":55,"column":11}},"22":{"start":{"line":50,"column":12},"end":{"line":54,"column":15}},"23":{"start":{"line":64,"column":0},"end":{"line":80,"column":6}},"24":{"start":{"line":67,"column":8},"end":{"line":73,"column":11}},"25":{"start":{"line":68,"column":12},"end":{"line":72,"column":15}},"26":{"start":{"line":82,"column":0},"end":{"line":100,"column":6}},"27":{"start":{"line":85,"column":8},"end":{"line":93,"column":11}},"28":{"start":{"line":86,"column":12},"end":{"line":86,"column":33}},"29":{"start":{"line":87,"column":12},"end":{"line":92,"column":15}},"30":{"start":{"line":102,"column":0},"end":{"line":106,"column":3}},"31":{"start":{"line":103,"column":4},"end":{"line":105,"column":7}},"32":{"start":{"line":104,"column":8},"end":{"line":104,"column":31}},"33":{"start":{"line":108,"column":0},"end":{"line":209,"column":7}},"34":{"start":{"line":111,"column":8},"end":{"line":111,"column":46}},"35":{"start":{"line":114,"column":25},"end":{"line":114,"column":35}},"36":{"start":{"line":116,"column":19},"end":{"line":116,"column":47}},"37":{"start":{"line":117,"column":19},"end":{"line":117,"column":35}},"38":{"start":{"line":118,"column":23},"end":{"line":118,"column":44}},"39":{"start":{"line":119,"column":8},"end":{"line":204,"column":9}},"40":{"start":{"line":120,"column":12},"end":{"line":120,"column":63}},"41":{"start":{"line":122,"column":21},"end":{"line":122,"column":34}},"42":{"start":{"line":123,"column":12},"end":{"line":203,"column":15}},"43":{"start":{"line":127,"column":16},"end":{"line":202,"column":17}},"44":{"start":{"line":128,"column":20},"end":{"line":128,"column":37}},"45":{"start":{"line":130,"column":20},"end":{"line":201,"column":21}},"46":{"start":{"line":133,"column":24},"end":{"line":200,"column":27}},"47":{"start":{"line":135,"column":32},"end":{"line":138,"column":35}},"48":{"start":{"line":136,"column":48},"end":{"line":136,"column":67}},"49":{"start":{"line":137,"column":36},"end":{"line":137,"column":53}},"50":{"start":{"line":141,"column":32},"end":{"line":152,"column":34}},"51":{"start":{"line":150,"column":40},"end":{"line":150,"column":67}},"52":{"start":{"line":155,"column":32},"end":{"line":157,"column":96}},"53":{"start":{"line":158,"column":50},"end":{"line":164,"column":34}},"54":{"start":{"line":166,"column":57},"end":{"line":175,"column":33}},"55":{"start":{"line":177,"column":32},"end":{"line":177,"column":82}},"56":{"start":{"line":179,"column":50},"end":{"line":190,"column":33}},"57":{"start":{"line":191,"column":32},"end":{"line":198,"column":35}},"58":{"start":{"line":192,"column":36},"end":{"line":197,"column":37}},"59":{"start":{"line":193,"column":40},"end":{"line":193,"column":59}},"60":{"start":{"line":196,"column":40},"end":{"line":196,"column":50}},"61":{"start":{"line":206,"column":8},"end":{"line":206,"column":29}},"62":{"start":{"line":207,"column":8},"end":{"line":207,"column":37}},"63":{"start":{"line":208,"column":8},"end":{"line":208,"column":55}},"64":{"start":{"line":211,"column":0},"end":{"line":290,"column":7}},"65":{"start":{"line":215,"column":8},"end":{"line":215,"column":49}},"66":{"start":{"line":218,"column":19},"end":{"line":218,"column":47}},"67":{"start":{"line":219,"column":19},"end":{"line":219,"column":35}},"68":{"start":{"line":222,"column":20},"end":{"line":222,"column":30}},"69":{"start":{"line":224,"column":8},"end":{"line":224,"column":29}},"70":{"start":{"line":225,"column":8},"end":{"line":225,"column":37}},"71":{"start":{"line":227,"column":17},"end":{"line":227,"column":30}},"72":{"start":{"line":228,"column":8},"end":{"line":289,"column":11}},"73":{"start":{"line":229,"column":12},"end":{"line":288,"column":13}},"74":{"start":{"line":230,"column":16},"end":{"line":230,"column":33}},"75":{"start":{"line":232,"column":16},"end":{"line":287,"column":17}},"76":{"start":{"line":233,"column":20},"end":{"line":233,"column":65}},"77":{"start":{"line":234,"column":40},"end":{"line":236,"column":21}},"78":{"start":{"line":237,"column":20},"end":{"line":237,"column":49}},"79":{"start":{"line":239,"column":20},"end":{"line":286,"column":21}},"80":{"start":{"line":240,"column":43},"end":{"line":240,"column":60}},"81":{"start":{"line":241,"column":51},"end":{"line":241,"column":76}},"82":{"start":{"line":242,"column":24},"end":{"line":278,"column":25}},"83":{"start":{"line":243,"column":28},"end":{"line":243,"column":64}},"84":{"start":{"line":244,"column":48},"end":{"line":246,"column":29}},"85":{"start":{"line":247,"column":28},"end":{"line":247,"column":57}},"86":{"start":{"line":248,"column":31},"end":{"line":278,"column":25}},"87":{"start":{"line":249,"column":28},"end":{"line":249,"column":101}},"88":{"start":{"line":250,"column":48},"end":{"line":252,"column":29}},"89":{"start":{"line":254,"column":28},"end":{"line":277,"column":31}},"90":{"start":{"line":255,"column":32},"end":{"line":276,"column":33}},"91":{"start":{"line":256,"column":36},"end":{"line":256,"column":105}},"92":{"start":{"line":257,"column":56},"end":{"line":259,"column":37}},"93":{"start":{"line":260,"column":36},"end":{"line":260,"column":65}},"94":{"start":{"line":261,"column":36},"end":{"line":261,"column":55}},"95":{"start":{"line":263,"column":36},"end":{"line":270,"column":43}},"96":{"start":{"line":271,"column":36},"end":{"line":271,"column":89}},"97":{"start":{"line":272,"column":56},"end":{"line":274,"column":37}},"98":{"start":{"line":275,"column":36},"end":{"line":275,"column":65}},"99":{"start":{"line":281,"column":24},"end":{"line":281,"column":150}},"100":{"start":{"line":282,"column":44},"end":{"line":284,"column":25}},"101":{"start":{"line":285,"column":24},"end":{"line":285,"column":53}},"102":{"start":{"line":294,"column":22},"end":{"line":294,"column":48}},"103":{"start":{"line":296,"column":4},"end":{"line":300,"column":5}},"104":{"start":{"line":297,"column":8},"end":{"line":297,"column":20}},"105":{"start":{"line":299,"column":8},"end":{"line":299,"column":21}},"106":{"start":{"line":301,"column":4},"end":{"line":301,"column":16}},"107":{"start":{"line":305,"column":0},"end":{"line":305,"column":24}}},"fnMap":{"0":{"name":"(anonymous_0)","decl":{"start":{"line":35,"column":12},"end":{"line":35,"column":13}},"loc":{"start":{"line":35,"column":41},"end":{"line":44,"column":1}},"line":35},"1":{"name":"(anonymous_1)","decl":{"start":{"line":38,"column":46},"end":{"line":38,"column":47}},"loc":{"start":{"line":38,"column":55},"end":{"line":42,"column":2}},"line":38},"2":{"name":"(anonymous_2)","decl":{"start":{"line":48,"column":9},"end":{"line":48,"column":10}},"loc":{"start":{"line":48,"column":32},"end":{"line":56,"column":5}},"line":48},"3":{"name":"(anonymous_3)","decl":{"start":{"line":49,"column":32},"end":{"line":49,"column":33}},"loc":{"start":{"line":49,"column":47},"end":{"line":55,"column":9}},"line":49},"4":{"name":"(anonymous_4)","decl":{"start":{"line":66,"column":9},"end":{"line":66,"column":10}},"loc":{"start":{"line":66,"column":32},"end":{"line":74,"column":5}},"line":66},"5":{"name":"(anonymous_5)","decl":{"start":{"line":67,"column":32},"end":{"line":67,"column":33}},"loc":{"start":{"line":67,"column":47},"end":{"line":73,"column":9}},"line":67},"6":{"name":"(anonymous_6)","decl":{"start":{"line":84,"column":9},"end":{"line":84,"column":10}},"loc":{"start":{"line":84,"column":32},"end":{"line":94,"column":5}},"line":84},"7":{"name":"(anonymous_7)","decl":{"start":{"line":85,"column":32},"end":{"line":85,"column":33}},"loc":{"start":{"line":85,"column":47},"end":{"line":93,"column":9}},"line":85},"8":{"name":"(anonymous_8)","decl":{"start":{"line":102,"column":28},"end":{"line":102,"column":29}},"loc":{"start":{"line":102,"column":51},"end":{"line":106,"column":1}},"line":102},"9":{"name":"(anonymous_9)","decl":{"start":{"line":103,"column":28},"end":{"line":103,"column":29}},"loc":{"start":{"line":103,"column":43},"end":{"line":105,"column":5}},"line":103},"10":{"name":"(anonymous_10)","decl":{"start":{"line":110,"column":9},"end":{"line":110,"column":10}},"loc":{"start":{"line":110,"column":32},"end":{"line":112,"column":5}},"line":110},"11":{"name":"(anonymous_11)","decl":{"start":{"line":113,"column":10},"end":{"line":113,"column":11}},"loc":{"start":{"line":113,"column":39},"end":{"line":209,"column":5}},"line":113},"12":{"name":"(anonymous_12)","decl":{"start":{"line":123,"column":75},"end":{"line":123,"column":76}},"loc":{"start":{"line":126,"column":14},"end":{"line":203,"column":13}},"line":126},"13":{"name":"(anonymous_13)","decl":{"start":{"line":134,"column":28},"end":{"line":134,"column":29}},"loc":{"start":{"line":134,"column":44},"end":{"line":139,"column":29}},"line":134},"14":{"name":"(anonymous_14)","decl":{"start":{"line":135,"column":55},"end":{"line":135,"column":56}},"loc":{"start":{"line":135,"column":75},"end":{"line":138,"column":33}},"line":135},"15":{"name":"(anonymous_15)","decl":{"start":{"line":140,"column":28},"end":{"line":140,"column":29}},"loc":{"start":{"line":140,"column":51},"end":{"line":153,"column":29}},"line":140},"16":{"name":"(anonymous_16)","decl":{"start":{"line":149,"column":36},"end":{"line":149,"column":37}},"loc":{"start":{"line":149,"column":61},"end":{"line":151,"column":37}},"line":149},"17":{"name":"(anonymous_17)","decl":{"start":{"line":154,"column":28},"end":{"line":154,"column":29}},"loc":{"start":{"line":154,"column":57},"end":{"line":199,"column":29}},"line":154},"18":{"name":"(anonymous_18)","decl":{"start":{"line":191,"column":66},"end":{"line":191,"column":67}},"loc":{"start":{"line":191,"column":89},"end":{"line":198,"column":33}},"line":191},"19":{"name":"(anonymous_19)","decl":{"start":{"line":213,"column":9},"end":{"line":213,"column":10}},"loc":{"start":{"line":213,"column":32},"end":{"line":216,"column":5}},"line":213},"20":{"name":"(anonymous_20)","decl":{"start":{"line":217,"column":10},"end":{"line":217,"column":11}},"loc":{"start":{"line":217,"column":33},"end":{"line":290,"column":5}},"line":217},"21":{"name":"(anonymous_21)","decl":{"start":{"line":228,"column":80},"end":{"line":228,"column":81}},"loc":{"start":{"line":228,"column":103},"end":{"line":289,"column":9}},"line":228},"22":{"name":"(anonymous_22)","decl":{"start":{"line":254,"column":66},"end":{"line":254,"column":67}},"loc":{"start":{"line":254,"column":81},"end":{"line":277,"column":29}},"line":254},"23":{"name":"check_uniq","decl":{"start":{"line":292,"column":9},"end":{"line":292,"column":19}},"loc":{"start":{"line":292,"column":34},"end":{"line":302,"column":1}},"line":292}},"branchMap":{"0":{"loc":{"start":{"line":39,"column":2},"end":{"line":41,"column":3}},"type":"if","locations":[{"start":{"line":39,"column":2},"end":{"line":41,"column":3}},{"start":{"line":39,"column":2},"end":{"line":41,"column":3}}],"line":39},"1":{"loc":{"start":{"line":119,"column":8},"end":{"line":204,"column":9}},"type":"if","locations":[{"start":{"line":119,"column":8},"end":{"line":204,"column":9}},{"start":{"line":119,"column":8},"end":{"line":204,"column":9}}],"line":119},"2":{"loc":{"start":{"line":127,"column":16},"end":{"line":202,"column":17}},"type":"if","locations":[{"start":{"line":127,"column":16},"end":{"line":202,"column":17}},{"start":{"line":127,"column":16},"end":{"line":202,"column":17}}],"line":127},"3":{"loc":{"start":{"line":130,"column":20},"end":{"line":201,"column":21}},"type":"if","locations":[{"start":{"line":130,"column":20},"end":{"line":201,"column":21}},{"start":{"line":130,"column":20},"end":{"line":201,"column":21}}],"line":130},"4":{"loc":{"start":{"line":156,"column":36},"end":{"line":156,"column":92}},"type":"binary-expr","locations":[{"start":{"line":156,"column":36},"end":{"line":156,"column":63}},{"start":{"line":156,"column":67},"end":{"line":156,"column":92}}],"line":156},"5":{"loc":{"start":{"line":157,"column":44},"end":{"line":157,"column":94}},"type":"binary-expr","locations":[{"start":{"line":157,"column":44},"end":{"line":157,"column":71}},{"start":{"line":157,"column":75},"end":{"line":157,"column":94}}],"line":157},"6":{"loc":{"start":{"line":159,"column":45},"end":{"line":159,"column":91}},"type":"binary-expr","locations":[{"start":{"line":159,"column":45},"end":{"line":159,"column":80}},{"start":{"line":159,"column":84},"end":{"line":159,"column":91}}],"line":159},"7":{"loc":{"start":{"line":192,"column":36},"end":{"line":197,"column":37}},"type":"if","locations":[{"start":{"line":192,"column":36},"end":{"line":197,"column":37}},{"start":{"line":192,"column":36},"end":{"line":197,"column":37}}],"line":192},"8":{"loc":{"start":{"line":229,"column":12},"end":{"line":288,"column":13}},"type":"if","locations":[{"start":{"line":229,"column":12},"end":{"line":288,"column":13}},{"start":{"line":229,"column":12},"end":{"line":288,"column":13}}],"line":229},"9":{"loc":{"start":{"line":232,"column":16},"end":{"line":287,"column":17}},"type":"if","locations":[{"start":{"line":232,"column":16},"end":{"line":287,"column":17}},{"start":{"line":232,"column":16},"end":{"line":287,"column":17}}],"line":232},"10":{"loc":{"start":{"line":239,"column":20},"end":{"line":286,"column":21}},"type":"if","locations":[{"start":{"line":239,"column":20},"end":{"line":286,"column":21}},{"start":{"line":239,"column":20},"end":{"line":286,"column":21}}],"line":239},"11":{"loc":{"start":{"line":242,"column":24},"end":{"line":278,"column":25}},"type":"if","locations":[{"start":{"line":242,"column":24},"end":{"line":278,"column":25}},{"start":{"line":242,"column":24},"end":{"line":278,"column":25}}],"line":242},"12":{"loc":{"start":{"line":248,"column":31},"end":{"line":278,"column":25}},"type":"if","locations":[{"start":{"line":248,"column":31},"end":{"line":278,"column":25}},{"start":{"line":248,"column":31},"end":{"line":278,"column":25}}],"line":248},"13":{"loc":{"start":{"line":255,"column":32},"end":{"line":276,"column":33}},"type":"if","locations":[{"start":{"line":255,"column":32},"end":{"line":276,"column":33}},{"start":{"line":255,"column":32},"end":{"line":276,"column":33}}],"line":255},"14":{"loc":{"start":{"line":296,"column":4},"end":{"line":300,"column":5}},"type":"if","locations":[{"start":{"line":296,"column":4},"end":{"line":300,"column":5}},{"start":{"line":296,"column":4},"end":{"line":300,"column":5}}],"line":296}},"s":{"0":1,"1":1,"2":1,"3":1,"4":1,"5":1,"6":1,"7":1,"8":1,"9":1,"10":1,"11":1,"12":1,"13":1,"14":0,"15":0,"16":0,"17":0,"18":0,"19":0,"20":1,"21":6,"22":6,"23":1,"24":1,"25":1,"26":1,"27":5,"28":5,"29":5,"30":1,"31":1,"32":1,"33":1,"34":1,"35":2,"36":2,"37":2,"38":2,"39":2,"40":1,"41":1,"42":1,"43":1,"44":0,"45":1,"46":1,"47":1,"48":1,"49":1,"50":1,"51":1,"52":1,"53":1,"54":1,"55":1,"56":1,"57":1,"58":1,"59":0,"60":1,"61":2,"62":2,"63":2,"64":1,"65":0,"66":1,"67":1,"68":1,"69":1,"70":1,"71":1,"72":1,"73":1,"74":0,"75":1,"76":0,"77":0,"78":0,"79":1,"80":0,"81":0,"82":0,"83":0,"84":0,"85":0,"86":0,"87":0,"88":0,"89":0,"90":0,"91":0,"92":0,"93":0,"94":0,"95":0,"96":0,"97":0,"98":0,"99":1,"100":1,"101":1,"102":0,"103":0,"104":0,"105":0,"106":0,"107":1},"f":{"0":0,"1":0,"2":6,"3":6,"4":1,"5":1,"6":5,"7":5,"8":1,"9":1,"10":1,"11":2,"12":1,"13":1,"14":1,"15":1,"16":1,"17":1,"18":1,"19":0,"20":1,"21":1,"22":0,"23":0},"b":{"0":[0,0],"1":[1,1],"2":[0,1],"3":[0,1],"4":[1,1],"5":[1,1],"6":[1,1],"7":[0,1],"8":[0,1],"9":[0,1],"10":[0,1],"11":[0,0],"12":[0,0],"13":[0,0],"14":[0,0]},"_coverageSchema":"43e27e138ebf9cfc5966b082cf9a028302ed4184","hash":"4911d6378b870da39bc11685113d34c26af3582c","contentHash":"792eb8f4116a1eda4b867bfd0376129a94d1fa1c2b8f1ac5dc93cd56ad6f3d54"},"C:\\Users\\Standard\\Documents\\GitHub\\StockExchangeApplication\\routers\\trading.js":{"path":"C:\\Users\\Standard\\Documents\\GitHub\\StockExchangeApplication\\routers\\trading.js","statementMap":{"0":{"start":{"line":1,"column":16},"end":{"line":1,"column":34}},"1":{"start":{"line":2,"column":12},"end":{"line":2,"column":28}},"2":{"start":{"line":3,"column":15},"end":{"line":3,"column":42}},"3":{"start":{"line":4,"column":12},"end":{"line":4,"column":31}},"4":{"start":{"line":7,"column":16},"end":{"line":7,"column":62}},"5":{"start":{"line":9,"column":15},"end":{"line":9,"column":60}},"6":{"start":{"line":11,"column":19},"end":{"line":11,"column":63}},"7":{"start":{"line":13,"column":22},"end":{"line":13,"column":69}},"8":{"start":{"line":15,"column":15},"end":{"line":15,"column":60}},"9":{"start":{"line":17,"column":14},"end":{"line":17,"column":54}},"10":{"start":{"line":19,"column":21},"end":{"line":19,"column":65}},"11":{"start":{"line":21,"column":15},"end":{"line":21,"column":35}},"12":{"start":{"line":23,"column":0},"end":{"line":102,"column":4}},"13":{"start":{"line":25,"column":12},"end":{"line":25,"column":41}},"14":{"start":{"line":27,"column":2},"end":{"line":27,"column":47}},"15":{"start":{"line":29,"column":14},"end":{"line":29,"column":29}},"16":{"start":{"line":30,"column":19},"end":{"line":30,"column":42}},"17":{"start":{"line":31,"column":13},"end":{"line":31,"column":30}},"18":{"start":{"line":32,"column":30},"end":{"line":32,"column":72}},"19":{"start":{"line":34,"column":2},"end":{"line":37,"column":3}},"20":{"start":{"line":35,"column":23},"end":{"line":35,"column":59}},"21":{"start":{"line":36,"column":3},"end":{"line":36,"column":37}},"22":{"start":{"line":39,"column":25},"end":{"line":39,"column":52}},"23":{"start":{"line":40,"column":22},"end":{"line":40,"column":46}},"24":{"start":{"line":42,"column":2},"end":{"line":46,"column":4}},"25":{"start":{"line":43,"column":15},"end":{"line":43,"column":36}},"26":{"start":{"line":44,"column":25},"end":{"line":44,"column":37}},"27":{"start":{"line":45,"column":3},"end":{"line":45,"column":30}},"28":{"start":{"line":48,"column":2},"end":{"line":52,"column":5}},"29":{"start":{"line":49,"column":15},"end":{"line":49,"column":24}},"30":{"start":{"line":50,"column":25},"end":{"line":50,"column":37}},"31":{"start":{"line":51,"column":3},"end":{"line":51,"column":31}},"32":{"start":{"line":54,"column":2},"end":{"line":61,"column":5}},"33":{"start":{"line":64,"column":12},"end":{"line":64,"column":41}},"34":{"start":{"line":66,"column":2},"end":{"line":66,"column":61}},"35":{"start":{"line":67,"column":2},"end":{"line":67,"column":47}},"36":{"start":{"line":69,"column":14},"end":{"line":69,"column":29}},"37":{"
[...]
2,"column":33},"end":{"line":242,"column":47}},"135":{"start":{"line":243,"column":26},"end":{"line":243,"column":33}},"136":{"start":{"line":244,"column":27},"end":{"line":244,"column":35}},"137":{"start":{"line":245,"column":30},"end":{"line":245,"column":41}},"138":{"start":{"line":246,"column":16},"end":{"line":250,"column":17}},"139":{"start":{"line":247,"column":32},"end":{"line":247,"column":46}},"140":{"start":{"line":249,"column":32},"end":{"line":249,"column":46}},"141":{"start":{"line":252,"column":16},"end":{"line":261,"column":18}},"142":{"start":{"line":263,"column":16},"end":{"line":263,"column":53}},"143":{"start":{"line":267,"column":26},"end":{"line":267,"column":28}},"144":{"start":{"line":268,"column":25},"end":{"line":268,"column":27}},"145":{"start":{"line":269,"column":28},"end":{"line":269,"column":30}},"146":{"start":{"line":271,"column":8},"end":{"line":292,"column":9}},"147":{"start":{"line":272,"column":12},"end":{"line":275,"column":13}},"148":{"start":{"line":273,"column":16},"end":{"line":273,"column":60}},"149":{"start":{"line":274,"column":16},"end":{"line":274,"column":55}},"150":{"start":{"line":276,"column":32},"end":{"line":276,"column":80}},"151":{"start":{"line":277,"column":12},"end":{"line":277,"column":46}},"152":{"start":{"line":278,"column":12},"end":{"line":286,"column":13}},"153":{"start":{"line":279,"column":16},"end":{"line":279,"column":42}},"154":{"start":{"line":280,"column":34},"end":{"line":280,"column":63}},"155":{"start":{"line":281,"column":16},"end":{"line":284,"column":29}},"156":{"start":{"line":285,"column":16},"end":{"line":285,"column":55}},"157":{"start":{"line":287,"column":12},"end":{"line":289,"column":14}},"158":{"start":{"line":291,"column":12},"end":{"line":291,"column":59}},"159":{"start":{"line":294,"column":20},"end":{"line":294,"column":35}},"160":{"start":{"line":295,"column":25},"end":{"line":295,"column":48}},"161":{"start":{"line":296,"column":19},"end":{"line":296,"column":36}},"162":{"start":{"line":297,"column":30},"end":{"line":297,"column":72}},"163":{"start":{"line":299,"column":28},"end":{"line":299,"column":45}},"164":{"start":{"line":300,"column":8},"end":{"line":307,"column":10}},"165":{"start":{"line":301,"column":29},"end":{"line":301,"column":43}},"166":{"start":{"line":302,"column":12},"end":{"line":302,"column":60}},"167":{"start":{"line":303,"column":29},"end":{"line":303,"column":43}},"168":{"start":{"line":304,"column":12},"end":{"line":304,"column":60}},"169":{"start":{"line":305,"column":25},"end":{"line":305,"column":35}},"170":{"start":{"line":306,"column":12},"end":{"line":306,"column":52}},"171":{"start":{"line":309,"column":8},"end":{"line":329,"column":11}},"172":{"start":{"line":335,"column":4},"end":{"line":335,"column":43}},"173":{"start":{"line":339,"column":21},"end":{"line":339,"column":22}},"174":{"start":{"line":340,"column":4},"end":{"line":344,"column":5}},"175":{"start":{"line":341,"column":8},"end":{"line":343,"column":9}},"176":{"start":{"line":342,"column":12},"end":{"line":342,"column":50}},"177":{"start":{"line":345,"column":4},"end":{"line":345,"column":22}},"178":{"start":{"line":349,"column":23},"end":{"line":349,"column":24}},"179":{"start":{"line":350,"column":4},"end":{"line":354,"column":5}},"180":{"start":{"line":351,"column":8},"end":{"line":353,"column":9}},"181":{"start":{"line":352,"column":12},"end":{"line":352,"column":52}},"182":{"start":{"line":355,"column":4},"end":{"line":355,"column":24}},"183":{"start":{"line":359,"column":23},"end":{"line":359,"column":25}},"184":{"start":{"line":360,"column":29},"end":{"line":360,"column":31}},"185":{"start":{"line":361,"column":4},"end":{"line":368,"column":5}},"186":{"start":{"line":362,"column":27},"end":{"line":362,"column":52}},"187":{"start":{"line":363,"column":8},"end":{"line":367,"column":9}},"188":{"start":{"line":365,"column":12},"end":{"line":365,"column":44}},"189":{"start":{"line":366,"column":12},"end":{"line":366,"column":57}},"190":{"start":{"line":369,"column":4},"end":{"line":369,"column":30}},"191":{"start":{"line":373,"column":21},"end":{"line":373,"column":22}},"192":{"start":{"line":374,"column":4},"end":{"line":378,"column":5}},"193":{"start":{"line":375,"column":8},"end":{"line":377,"column":9}},"194":{"start":{"line":376,"column":12},"end":{"line":376,"column":57}},"195":{"start":{"line":379,"column":4},"end":{"line":379,"column":22}},"196":{"start":{"line":382,"column":22},"end":{"line":400,"column":1}},"197":{"start":{"line":383,"column":24},"end":{"line":383,"column":26}},"198":{"start":{"line":384,"column":4},"end":{"line":397,"column":5}},"199":{"start":{"line":385,"column":18},"end":{"line":385,"column":37}},"200":{"start":{"line":386,"column":21},"end":{"line":386,"column":30}},"201":{"start":{"line":387,"column":19},"end":{"line":387,"column":27}},"202":{"start":{"line":388,"column":20},"end":{"line":388,"column":56}},"203":{"start":{"line":389,"column":8},"end":{"line":396,"column":9}},"204":{"start":{"line":390,"column":12},"end":{"line":395,"column":13}},"205":{"start":{"line":391,"column":45},"end":{"line":391,"column":66}},"206":{"start":{"line":392,"column":16},"end":{"line":392,"column":80}},"207":{"start":{"line":394,"column":16},"end":{"line":394,"column":55}},"208":{"start":{"line":399,"column":4},"end":{"line":399,"column":25}},"209":{"start":{"line":402,"column":18},"end":{"line":420,"column":1}},"210":{"start":{"line":403,"column":20},"end":{"line":403,"column":22}},"211":{"start":{"line":404,"column":4},"end":{"line":417,"column":5}},"212":{"start":{"line":405,"column":18},"end":{"line":405,"column":37}},"213":{"start":{"line":406,"column":21},"end":{"line":406,"column":30}},"214":{"start":{"line":407,"column":19},"end":{"line":407,"column":27}},"215":{"start":{"line":408,"column":20},"end":{"line":408,"column":52}},"216":{"start":{"line":409,"column":8},"end":{"line":416,"column":9}},"217":{"start":{"line":410,"column":12},"end":{"line":415,"column":13}},"218":{"start":{"line":411,"column":41},"end":{"line":411,"column":58}},"219":{"start":{"line":412,"column":16},"end":{"line":412,"column":72}},"220":{"start":{"line":414,"column":16},"end":{"line":414,"column":51}},"221":{"start":{"line":419,"column":4},"end":{"line":419,"column":21}},"222":{"start":{"line":422,"column":23},"end":{"line":440,"column":1}},"223":{"start":{"line":423,"column":22},"end":{"line":423,"column":24}},"224":{"start":{"line":424,"column":4},"end":{"line":437,"column":5}},"225":{"start":{"line":425,"column":18},"end":{"line":425,"column":37}},"226":{"start":{"line":426,"column":21},"end":{"line":426,"column":30}},"227":{"start":{"line":427,"column":19},"end":{"line":427,"column":27}},"228":{"start":{"line":428,"column":20},"end":{"line":428,"column":54}},"229":{"start":{"line":429,"column":8},"end":{"line":436,"column":9}},"230":{"start":{"line":430,"column":12},"end":{"line":435,"column":13}},"231":{"start":{"line":431,"column":34},"end":{"line":431,"column":53}},"232":{"start":{"line":432,"column":16},"end":{"line":432,"column":60}},"233":{"start":{"line":434,"column":16},"end":{"line":434,"column":46}},"234":{"start":{"line":439,"column":4},"end":{"line":439,"column":23}},"235":{"start":{"line":442,"column":22},"end":{"line":463,"column":1}},"236":{"start":{"line":443,"column":26},"end":{"line":443,"column":28}},"237":{"start":{"line":444,"column":24},"end":{"line":444,"column":57}},"238":{"start":{"line":445,"column":23},"end":{"line":445,"column":49}},"239":{"start":{"line":446,"column":20},"end":{"line":446,"column":49}},"240":{"start":{"line":447,"column":19},"end":{"line":447,"column":41}},"241":{"start":{"line":449,"column":4},"end":{"line":460,"column":5}},"242":{"start":{"line":450,"column":31},"end":{"line":450,"column":42}},"243":{"start":{"line":451,"column":8},"end":{"line":459,"column":9}},"244":{"start":{"line":452,"column":27},"end":{"line":452,"column":58}},"245":{"start":{"line":453,"column":23},"end":{"line":453,"column":50}},"246":{"start":{"line":454,"column":12},"end":{"line":458,"column":13}},"247":{"start":{"line":455,"column":16},"end":{"line":455,"column":54}},"248":{"start":{"line":457,"column":16},"end":{"line":457,"column":68}},"249":{"start":{"line":462,"column":4},"end":{"line":462,"column":27}},"250":{"start":{"line":467,"column":4},"end":{"line":471,"column":5}},"251":{"start":{"line":468,"column":8},"end":{"line":468,"column":15}},"252":{"start":{"line":470,"column":8},"end":{"line":470,"column":31}},"253":{"start":{"line":474,"column":0},"end":{"line":474,"column":24}}},"fnMap":{"0":{"name":"(anonymous_0)","decl":{"start":{"line":15,"column":26},"end":{"line":15,"column":27}},"loc":{"start":{"line":15,"column":55},"end":{"line":172,"column":5}},"line":15},"1":{"name":"(anonymous_1)","decl":{"start":{"line":142,"column":30},"end":{"line":142,"column":31}},"loc":{"start":{"line":142,"column":42},"end":{"line":149,"column":9}},"line":142},"2":{"name":"(anonymous_2)","decl":{"start":{"line":173,"column":27},"end":{"line":173,"column":28}},"loc":{"start":{"line":173,"column":56},"end":{"line":330,"column":5}},"line":173},"3":{"name":"(anonymous_3)","decl":{"start":{"line":300,"column":30},"end":{"line":300,"column":31}},"loc":{"start":{"line":300,"column":42},"end":{"line":307,"column":9}},"line":300},"4":{"name":"clone","decl":{"start":{"line":334,"column":9},"end":{"line":334,"column":14}},"loc":{"start":{"line":334,"column":20},"end":{"line":336,"column":1}},"line":334},"5":{"name":"countStocksSold","decl":{"start":{"line":338,"column":9},"end":{"line":338,"column":24}},"loc":{"start":{"line":338,"column":43},"end":{"line":346,"column":1}},"line":338},"6":{"name":"countStocksBought","decl":{"start":{"line":348,"column":9},"end":{"line":348,"column":26}},"loc":{"start":{"line":348,"column":45},"end":{"line":356,"column":1}},"line":348},"7":{"name":"getUniqueTransactions","decl":{"start":{"line":358,"column":9},"end":{"line":358,"column":30}},"loc":{"start":{"line":358,"column":49},"end":{"line":370,"column":1}},"line":358},"8":{"name":"countTotalSale","decl":{"start":{"line":372,"column":9},"end":{"line":372,"column":23}},"loc":{"start":{"line":372,"column":42},"end":{"line":380,"column":1}},"line":372},"9":{"name":"(anonymous_9)","decl":{"start":{"line":382,"column":22},"end":{"line":382,"column":23}},"loc":{"start":{"line":382,"column":44},"end":{"line":400,"column":1}},"line":382},"10":{"name":"(anonymous_10)","decl":{"start":{"line":402,"column":18},"end":{"line":402,"column":19}},"loc":{"start":{"line":402,"column":40},"end":{"line":420,"column":1}},"line":402},"11":{"name":"(anonymous_11)","decl":{"start":{"line":422,"column":23},"end":{"line":422,"column":24}},"loc":{"start":{"line":422,"column":45},"end":{"line":440,"column":1}},"line":422},"12":{"name":"(anonymous_12)","decl":{"start":{"line":442,"column":22},"end":{"line":442,"column":23}},"loc":{"start":{"line":442,"column":44},"end":{"line":463,"column":1}},"line":442},"13":{"name":"isAuthenticated","decl":{"start":{"line":466,"column":9},"end":{"line":466,"column":24}},"loc":{"start":{"line":466,"column":50},"end":{"line":472,"column":1}},"line":466}},"branchMap":{"0":{"loc":{"start":{"line":69,"column":8},"end":{"line":73,"column":9}},"type":"if","locations":[{"start":{"line":69,"column":8},"end":{"line":73,"column":9}},{"start":{"line":69,"column":8},"end":{"line":73,"column":9}}],"line":69},"1":{"loc":{"start":{"line":74,"column":8},"end":{"line":107,"column":9}},"type":"if","locations":[{"start":{"line":74,"column":8},"end":{"line":107,"column":9}},{"start":{"line":74,"column":8},"end":{"line":107,"column":9}}],"line":74},"2":{"loc":{"start":{"line":88,"column":16},"end":{"line":92,"column":17}},"type":"if","locations":[{"start":{"line":88,"column":16},"end":{"line":92,"column":17}},{"start":{"line":88,"column":16},"end":{"line":92,"column":17}}],"line":88},"3":{"loc":{"start":{"line":113,"column":8},"end":{"line":134,"column":9}},"type":"if","locations":[{"start":{"line":113,"column":8},"end":{"line":134,"column":9}},{"start":{"line":113,"column":8},"end":{"line":134,"column":9}}],"line":113},"4":{"loc":{"start":{"line":227,"column":8},"end":{"line":231,"column":9}},"type":"if","locations":[{"start":{"line":227,"column":8},"end":{"line":231,"column":9}},{"start":{"line":227,"column":8},"end":{"line":231,"column":9}}],"line":227},"5":{"loc":{"start":{"line":232,"column":8},"end":{"line":265,"column":9}},"type":"if","locations":[{"start":{"line":232,"column":8},"end":{"line":265,"column":9}},{"start":{"line":232,"column":8},"end":{"line":265,"column":9}}],"line":232},"6":{"loc":{"start":{"line":246,"column":16},"end":{"line":250,"column":17}},"type":"if","locations":[{"start":{"line":246,"column":16},"end":{"line":250,"column":17}},{"start":{"line":246,"column":16},"end":{"line":250,"column":17}}],"line":246},"7":{"loc":{"start":{"line":271,"column":8},"end":{"line":292,"column":9}},"type":"if","locations":[{"start":{"line":271,"column":8},"end":{"line":292,"column":9}},{"start":{"line":271,"column":8},"end":{"line":292,"column":9}}],"line":271},"8":{"loc":{"start":{"line":341,"column":8},"end":{"line":343,"column":9}},"type":"if","locations":[{"start":{"line":341,"column":8},"end":{"line":343,"column":9}},{"start":{"line":341,"column":8},"end":{"line":343,"column":9}}],"line":341},"9":{"loc":{"start":{"line":351,"column":8},"end":{"line":353,"column":9}},"type":"if","locations":[{"start":{"line":351,"column":8},"end":{"line":353,"column":9}},{"start":{"line":351,"column":8},"end":{"line":353,"column":9}}],"line":351},"10":{"loc":{"start":{"line":363,"column":8},"end":{"line":367,"column":9}},"type":"if","locations":[{"start":{"line":363,"column":8},"end":{"line":367,"column":9}},{"start":{"line":363,"column":8},"end":{"line":367,"column":9}}],"line":363},"11":{"loc":{"start":{"line":375,"column":8},"end":{"line":377,"column":9}},"type":"if","locations":[{"start":{"line":375,"column":8},"end":{"line":377,"column":9}},{"start":{"line":375,"column":8},"end":{"line":377,"column":9}}],"line":375},"12":{"loc":{"start":{"line":389,"column":8},"end":{"line":396,"column":9}},"type":"if","locations":[{"start":{"line":389,"column":8},"end":{"line":396,"column":9}},{"start":{"line":389,"column":8},"end":{"line":396,"column":9}}],"line":389},"13":{"loc":{"start":{"line":390,"column":12},"end":{"line":395,"column":13}},"type":"if","locations":[{"start":{"line":390,"column":12},"end":{"line":395,"column":13}},{"start":{"line":390,"column":12},"end":{"line":395,"column":13}}],"line":390},"14":{"loc":{"start":{"line":409,"column":8},"end":{"line":416,"column":9}},"type":"if","locations":[{"start":{"line":409,"column":8},"end":{"line":416,"column":9}},{"start":{"line":409,"column":8},"end":{"line":416,"column":9}}],"line":409},"15":{"loc":{"start":{"line":410,"column":12},"end":{"line":415,"column":13}},"type":"if","locations":[{"start":{"line":410,"column":12},"end":{"line":415,"column":13}},{"start":{"line":410,"column":12},"end":{"line":415,"column":13}}],"line":410},"16":{"loc":{"start":{"line":429,"column":8},"end":{"line":436,"column":9}},"type":"if","locations":[{"start":{"line":429,"column":8},"end":{"line":436,"column":9}},{"start":{"line":429,"column":8},"end":{"line":436,"column":9}}],"line":429},"17":{"loc":{"start":{"line":430,"column":12},"end":{"line":435,"column":13}},"type":"if","locations":[{"start":{"line":430,"column":12},"end":{"line":435,"column":13}},{"start":{"line":430,"column":12},"end":{"line":435,"column":13}}],"line":430},"18":{"loc":{"start":{"line":451,"column":8},"end":{"line":459,"column":9}},"type":"if","locations":[{"start":{"line":451,"column":8},"end":{"line":459,"column":9}},{"start":{"line":451,"column":8},"end":{"line":459,"column":9}}],"line":451},"19":{"loc":{"start":{"line":454,"column":12},"end":{"line":458,"column":13}},"type":"if","locations":[{"start":{"line":454,"column":12},"end":{"line":458,"column":13}},{"start":{"line":454,"column":12},"end":{"line":458,"column":13}}],"line":454},"20":{"loc":{"start":{"line":467,"column":4},"end":{"line":471,"column":5}},"type":"if","locations":[{"start":{"line":467,"column":4},"end":{"line":471,"column":5}},{"start":{"line":467,"column":4},"end":{"line":471,"column":5}}],"line":467}},"s":{"0":1,"1":1,"2":1,"3":1,"4":1,"5":1,"6":1,"7":1,"8":1,"9":1,"10":1,"11":1,"12":1,"13":1,"14":1,"15":1,"16":1,"17":1,"18":1,"19":1,"20":1,"21":1,"22":1,"23":1,"24":1,"25":1,"26":1,"27":1,"28":1,"29":1,"30":1,"31":1,"32":1,"33":1,"34":1,"35":1,"36":1,"37":1,"38":1,"39":1,"40":0,"41":1,"42":1,"43":0,"44":1,"45":1,"46":1,"47":1,"48":1,"49":1,"50":1,"51":1,"52":1,"53":1,"54":1,"55":1,"56":1,"57":0,"58":1,"59":1,"60":1,"61":1,"62":1,"63":1,"64":1,"65":1,"66":1,"67":1,"68":1,"69":1,"70":1,"71":1,"72":1,"73":1,"74":1,"75":0,"76":1,"77":1,"78":1,"79":1,"80":1,"81":1,"82":1,"83":1,"84":1,"85":1,"86":1,"87":1,"88":1,"89":1,"90":1,"91":1,"92":1,"93":1,"94":1,"95":1,"96":1,"97":1,"98":1,"99":1,"100":1,"101":1,"102":1,"103":1,"104":1,"105":1,"106":1,"107":1,"108":1,"109":1,"110":1,"111":1,"112":1,"113":1,"114":1,"115":1,"116":1,"117":1,"118":1,"119":1,"120":1,"121":1,"122":1,"123":0,"124":1,"125":1,"126":0,"127":1,"128":1,"129":3,"130":3,"131":3,"132":3,"133":3,"134":3,"135":3,"136":3,"137":3,"138":3,"139":1,"140":2,"141":3,"142":3,"143":1,"144":1,"145":1,"146":1,"147":1,"148":1,"149":1,"150":1,"151":1,"152":1,"153":1,"154":1,"155":1,"156":1,"157":1,"158":0,"159":1,"160":1,"161":1,"162":1,"163":1,"164":1,"165":1,"166":1,"167":1,"168":1,"169":1,"170":1,"171":1,"172":2,"173":2,"174":2,"175":4,"176":2,"177":2,"178":2,"179":2,"180":4,"181":2,"182":2,"183":2,"184":2,"185":2,"186":4,"187":4,"188":2,"189":2,"190":2,"191":4,"192":4,"193":8,"194":4,"195":4,"196":1,"197":4,"198":4,"199":8,"200":8,"201":8,"202":8,"203":8,"204":4,"205":0,"206":0,"207":4,"208":4,"209":1,"210":4,"211":4,"212":8,"213":8,"214":8,"215":8,"216":8,"217":4,"218":2,"219":2,"220":2,"221":4,"222":1,"223":2,"224":2,"225":4,"226":4,"227":4,"228":4,"229":4,"230":2,"231":0,"232":0,"233":2,"234":2,"235":1,"236":2,"237":2,"238":2,"239":2,"240":2,"241":2,"242":1,"243":1,"244":1,"245":1,"246":1,"247":1,"248":0,"249":2,"250":2,"251":2,"252":0,"253":1},"f":{"0":1,"1":1,"2":1,"3":1,"4":2,"5":2,"6":2,"7":2,"8":4,"9":4,"10":4,"11":2,"12":2,"13":2},"b":{"0":[0,1],"1":[0,1],"2":[1,0],"3":[1,0],"4":[0,1],"5":[0,1],"6":[1,2],"7":[1,0],"8":[2,2],"9":[2,2],"10":[2,2],"11":[4,4],"12":[4,4],"13":[0,4],"14":[4,4],"15":[2,2],"16":[2,2],"17":[0,2],"18":[1,0],"19":[1,0],"20":[2,0]},"_coverageSchema":"43e27e138ebf9cfc5966b082cf9a028302ed4184","hash":"a6bf9a77b57eb223b817b5128054e643d01ddef1","contentHash":"af4992183b6d61e4adbf6d46179e3df19b24405dc191bedeeb3f21379ef9514b"},"C:\\Users\\Standard\\Documents\\GitHub\\StockExchangeApplication\\routers\\about.js":{"path":"C:\\Users\\Standard\\Documents\\GitHub\\StockExchangeApplication\\routers\\about.js","statementMap":{"0":{"start":{"line":1,"column":16},"end":{"line":1,"column":34}},"1":{"start":{"line":3,"column":15},"end":{"line":3,"column":35}},"2":{"start":{"line":5,"column":0},"end":{"line":9,"column":6}},"3":{"start":{"line":8,"column":8},"end":{"line":8,"column":36}},"4":{"start":{"line":11,"column":0},"end":{"line":15,"column":6}},"5":{"start":{"line":14,"column":8},"end":{"line":14,"column":37}},"6":{"start":{"line":18,"column":0},"end":{"line":18,"column":24}}},"fnMap":{"0":{"name":"(anonymous_0)","decl":{"start":{"line":7,"column":9},"end":{"line":7,"column":10}},"loc":{"start":{"line":7,"column":32},"end":{"line":9,"column":5}},"line":7},"1":{"name":"(anonymous_1)","decl":{"start":{"line":13,"column":9},"end":{"line":13,"column":10}},"loc":{"start":{"line":13,"column":32},"end":{"line":15,"column":5}},"line":13}},"branchMap":{},"s":{"0":1,"1":1,"2":1,"3":1,"4":1,"5":1,"6":1},"f":{"0":1,"1":1},"b":{},"_coverageSchema":"43e27e138ebf9cfc5966b082cf9a028302ed4184","hash":"b76a382c264bd48642a04c335c59949b8922f6c0","contentHash":"700fbc1e42744ec4c6dcb462e7b87d35be42be3bcd56656e1277a66ef2472394"}}